{"/Users/blakedestasio/Code/demos/picnic-planner/Client/src/components/CitySelectionDialog.tsx": {"path":"/Users/blakedestasio/Code/demos/picnic-planner/Client/src/components/CitySelectionDialog.tsx","all":false,"statementMap":{"0":{"start":{"line":1,"column":0},"end":{"line":1,"column":34}},"1":{"start":{"line":2,"column":0},"end":{"line":2,"column":54}},"2":{"start":{"line":3,"column":0},"end":{"line":3,"column":8}},"13":{"start":{"line":14,"column":0},"end":{"line":14,"column":57}},"41":{"start":{"line":42,"column":0},"end":{"line":42,"column":30}},"42":{"start":{"line":43,"column":0},"end":{"line":43,"column":7}},"43":{"start":{"line":44,"column":0},"end":{"line":44,"column":10}},"44":{"start":{"line":45,"column":0},"end":{"line":45,"column":9}},"45":{"start":{"line":46,"column":0},"end":{"line":46,"column":18}},"46":{"start":{"line":47,"column":0},"end":{"line":47,"column":33}},"47":{"start":{"line":48,"column":0},"end":{"line":48,"column":9}},"48":{"start":{"line":49,"column":0},"end":{"line":49,"column":12}},"49":{"start":{"line":50,"column":0},"end":{"line":50,"column":10}},"50":{"start":{"line":51,"column":0},"end":{"line":51,"column":35}},"51":{"start":{"line":52,"column":0},"end":{"line":52,"column":14}},"52":{"start":{"line":53,"column":0},"end":{"line":53,"column":25}},"53":{"start":{"line":54,"column":0},"end":{"line":54,"column":21}},"54":{"start":{"line":55,"column":0},"end":{"line":55,"column":20}},"55":{"start":{"line":56,"column":0},"end":{"line":56,"column":40}},"56":{"start":{"line":57,"column":0},"end":{"line":57,"column":42}},"57":{"start":{"line":58,"column":0},"end":{"line":58,"column":46}},"58":{"start":{"line":59,"column":0},"end":{"line":59,"column":6}},"59":{"start":{"line":60,"column":0},"end":{"line":60,"column":5}},"62":{"start":{"line":63,"column":0},"end":{"line":63,"column":19}},"63":{"start":{"line":64,"column":0},"end":{"line":64,"column":15}},"64":{"start":{"line":65,"column":0},"end":{"line":65,"column":13}},"65":{"start":{"line":66,"column":0},"end":{"line":66,"column":42}},"66":{"start":{"line":67,"column":0},"end":{"line":67,"column":44}},"67":{"start":{"line":68,"column":0},"end":{"line":68,"column":48}},"68":{"start":{"line":69,"column":0},"end":{"line":69,"column":9}},"69":{"start":{"line":70,"column":0},"end":{"line":70,"column":5}},"70":{"start":{"line":71,"column":0},"end":{"line":71,"column":37}},"72":{"start":{"line":73,"column":0},"end":{"line":73,"column":28}},"73":{"start":{"line":74,"column":0},"end":{"line":74,"column":29}},"75":{"start":{"line":76,"column":0},"end":{"line":76,"column":12}},"76":{"start":{"line":77,"column":0},"end":{"line":77,"column":29}},"77":{"start":{"line":78,"column":0},"end":{"line":78,"column":44}},"78":{"start":{"line":79,"column":0},"end":{"line":79,"column":48}},"79":{"start":{"line":80,"column":0},"end":{"line":80,"column":7}},"81":{"start":{"line":82,"column":0},"end":{"line":82,"column":18}},"82":{"start":{"line":83,"column":0},"end":{"line":83,"column":4}},"84":{"start":{"line":85,"column":0},"end":{"line":85,"column":29}},"86":{"start":{"line":87,"column":0},"end":{"line":87,"column":11}},"87":{"start":{"line":88,"column":0},"end":{"line":88,"column":40}},"88":{"start":{"line":89,"column":0},"end":{"line":89,"column":42}},"89":{"start":{"line":90,"column":0},"end":{"line":90,"column":46}},"90":{"start":{"line":91,"column":0},"end":{"line":91,"column":7}},"91":{"start":{"line":92,"column":0},"end":{"line":92,"column":14}},"92":{"start":{"line":93,"column":0},"end":{"line":93,"column":4}},"94":{"start":{"line":95,"column":0},"end":{"line":95,"column":10}},"95":{"start":{"line":96,"column":0},"end":{"line":96,"column":70}},"96":{"start":{"line":97,"column":0},"end":{"line":97,"column":18}},"97":{"start":{"line":98,"column":0},"end":{"line":98,"column":31}},"98":{"start":{"line":99,"column":0},"end":{"line":99,"column":60}},"99":{"start":{"line":100,"column":0},"end":{"line":100,"column":7}},"101":{"start":{"line":102,"column":0},"end":{"line":102,"column":55}},"102":{"start":{"line":103,"column":0},"end":{"line":103,"column":23}},"103":{"start":{"line":104,"column":0},"end":{"line":104,"column":21}},"104":{"start":{"line":105,"column":0},"end":{"line":105,"column":20}},"106":{"start":{"line":107,"column":0},"end":{"line":107,"column":20}},"107":{"start":{"line":108,"column":0},"end":{"line":108,"column":16}},"108":{"start":{"line":109,"column":0},"end":{"line":109,"column":62}},"110":{"start":{"line":111,"column":0},"end":{"line":111,"column":49}},"111":{"start":{"line":112,"column":0},"end":{"line":112,"column":61}},"113":{"start":{"line":114,"column":0},"end":{"line":114,"column":23}},"115":{"start":{"line":116,"column":0},"end":{"line":116,"column":21}},"116":{"start":{"line":117,"column":0},"end":{"line":117,"column":23}},"117":{"start":{"line":118,"column":0},"end":{"line":118,"column":29}},"118":{"start":{"line":119,"column":0},"end":{"line":119,"column":20}},"119":{"start":{"line":120,"column":0},"end":{"line":120,"column":43}},"120":{"start":{"line":121,"column":0},"end":{"line":121,"column":26}},"121":{"start":{"line":122,"column":0},"end":{"line":122,"column":25}},"122":{"start":{"line":123,"column":0},"end":{"line":123,"column":67}},"123":{"start":{"line":124,"column":0},"end":{"line":124,"column":16}},"124":{"start":{"line":125,"column":0},"end":{"line":125,"column":14}},"125":{"start":{"line":126,"column":0},"end":{"line":126,"column":36}},"126":{"start":{"line":127,"column":0},"end":{"line":127,"column":24}},"127":{"start":{"line":128,"column":0},"end":{"line":128,"column":26}},"128":{"start":{"line":129,"column":0},"end":{"line":129,"column":28}},"129":{"start":{"line":130,"column":0},"end":{"line":130,"column":37}},"130":{"start":{"line":131,"column":0},"end":{"line":131,"column":49}},"131":{"start":{"line":132,"column":0},"end":{"line":132,"column":24}},"132":{"start":{"line":133,"column":0},"end":{"line":133,"column":25}},"133":{"start":{"line":134,"column":0},"end":{"line":134,"column":25}},"134":{"start":{"line":135,"column":0},"end":{"line":135,"column":44}},"135":{"start":{"line":136,"column":0},"end":{"line":136,"column":16}},"137":{"start":{"line":138,"column":0},"end":{"line":138,"column":12}},"139":{"start":{"line":140,"column":0},"end":{"line":140,"column":21}},"140":{"start":{"line":141,"column":0},"end":{"line":141,"column":24}},"141":{"start":{"line":142,"column":0},"end":{"line":142,"column":29}},"142":{"start":{"line":143,"column":0},"end":{"line":143,"column":20}},"143":{"start":{"line":144,"column":0},"end":{"line":144,"column":26}},"144":{"start":{"line":145,"column":0},"end":{"line":145,"column":25}},"145":{"start":{"line":146,"column":0},"end":{"line":146,"column":63}},"146":{"start":{"line":147,"column":0},"end":{"line":147,"column":16}},"147":{"start":{"line":148,"column":0},"end":{"line":148,"column":14}},"148":{"start":{"line":149,"column":0},"end":{"line":149,"column":36}},"149":{"start":{"line":150,"column":0},"end":{"line":150,"column":24}},"150":{"start":{"line":151,"column":0},"end":{"line":151,"column":26}},"151":{"start":{"line":152,"column":0},"end":{"line":152,"column":38}},"152":{"start":{"line":153,"column":0},"end":{"line":153,"column":38}},"153":{"start":{"line":154,"column":0},"end":{"line":154,"column":28}},"154":{"start":{"line":155,"column":0},"end":{"line":155,"column":42}},"155":{"start":{"line":156,"column":0},"end":{"line":156,"column":59}},"157":{"start":{"line":158,"column":0},"end":{"line":158,"column":25}},"158":{"start":{"line":159,"column":0},"end":{"line":159,"column":49}},"159":{"start":{"line":160,"column":0},"end":{"line":160,"column":16}},"161":{"start":{"line":162,"column":0},"end":{"line":162,"column":12}},"163":{"start":{"line":164,"column":0},"end":{"line":164,"column":21}},"164":{"start":{"line":165,"column":0},"end":{"line":165,"column":26}},"165":{"start":{"line":166,"column":0},"end":{"line":166,"column":29}},"166":{"start":{"line":167,"column":0},"end":{"line":167,"column":20}},"167":{"start":{"line":168,"column":0},"end":{"line":168,"column":26}},"168":{"start":{"line":169,"column":0},"end":{"line":169,"column":25}},"169":{"start":{"line":170,"column":0},"end":{"line":170,"column":65}},"170":{"start":{"line":171,"column":0},"end":{"line":171,"column":16}},"171":{"start":{"line":172,"column":0},"end":{"line":172,"column":14}},"172":{"start":{"line":173,"column":0},"end":{"line":173,"column":36}},"173":{"start":{"line":174,"column":0},"end":{"line":174,"column":24}},"174":{"start":{"line":175,"column":0},"end":{"line":175,"column":26}},"175":{"start":{"line":176,"column":0},"end":{"line":176,"column":31}},"176":{"start":{"line":177,"column":0},"end":{"line":177,"column":40}},"177":{"start":{"line":178,"column":0},"end":{"line":178,"column":28}},"178":{"start":{"line":179,"column":0},"end":{"line":179,"column":44}},"179":{"start":{"line":180,"column":0},"end":{"line":180,"column":54}},"181":{"start":{"line":182,"column":0},"end":{"line":182,"column":25}},"182":{"start":{"line":183,"column":0},"end":{"line":183,"column":50}},"183":{"start":{"line":184,"column":0},"end":{"line":184,"column":16}},"185":{"start":{"line":186,"column":0},"end":{"line":186,"column":12}},"186":{"start":{"line":187,"column":0},"end":{"line":187,"column":16}},"187":{"start":{"line":188,"column":0},"end":{"line":188,"column":22}},"189":{"start":{"line":190,"column":0},"end":{"line":190,"column":20}},"190":{"start":{"line":191,"column":0},"end":{"line":191,"column":33}},"191":{"start":{"line":192,"column":0},"end":{"line":192,"column":62}},"193":{"start":{"line":194,"column":0},"end":{"line":194,"column":15}},"194":{"start":{"line":195,"column":0},"end":{"line":195,"column":31}},"195":{"start":{"line":196,"column":0},"end":{"line":196,"column":28}},"196":{"start":{"line":197,"column":0},"end":{"line":197,"column":69}},"197":{"start":{"line":198,"column":0},"end":{"line":198,"column":9}},"199":{"start":{"line":200,"column":0},"end":{"line":200,"column":17}},"200":{"start":{"line":201,"column":0},"end":{"line":201,"column":15}},"201":{"start":{"line":202,"column":0},"end":{"line":202,"column":30}},"202":{"start":{"line":203,"column":0},"end":{"line":203,"column":29}},"203":{"start":{"line":204,"column":0},"end":{"line":204,"column":29}},"204":{"start":{"line":205,"column":0},"end":{"line":205,"column":67}},"205":{"start":{"line":206,"column":0},"end":{"line":206,"column":9}},"207":{"start":{"line":208,"column":0},"end":{"line":208,"column":17}},"208":{"start":{"line":209,"column":0},"end":{"line":209,"column":22}},"209":{"start":{"line":210,"column":0},"end":{"line":210,"column":13}},"211":{"start":{"line":212,"column":0},"end":{"line":212,"column":2}},"213":{"start":{"line":214,"column":0},"end":{"line":214,"column":35}},"215":{"start":{"line":216,"column":0},"end":{"line":216,"column":16}},"216":{"start":{"line":217,"column":0},"end":{"line":217,"column":16}},"217":{"start":{"line":218,"column":0},"end":{"line":218,"column":25}},"218":{"start":{"line":219,"column":0},"end":{"line":219,"column":4}},"219":{"start":{"line":220,"column":0},"end":{"line":220,"column":16}},"220":{"start":{"line":221,"column":0},"end":{"line":221,"column":20}},"221":{"start":{"line":222,"column":0},"end":{"line":222,"column":36}},"222":{"start":{"line":223,"column":0},"end":{"line":223,"column":25}},"223":{"start":{"line":224,"column":0},"end":{"line":224,"column":10}},"224":{"start":{"line":225,"column":0},"end":{"line":225,"column":4}},"225":{"start":{"line":226,"column":0},"end":{"line":226,"column":14}},"226":{"start":{"line":227,"column":0},"end":{"line":227,"column":10}},"227":{"start":{"line":228,"column":0},"end":{"line":228,"column":4}},"228":{"start":{"line":229,"column":0},"end":{"line":229,"column":18}},"229":{"start":{"line":230,"column":0},"end":{"line":230,"column":10}},"230":{"start":{"line":231,"column":0},"end":{"line":231,"column":10}},"231":{"start":{"line":232,"column":0},"end":{"line":232,"column":4}},"232":{"start":{"line":233,"column":0},"end":{"line":233,"column":2}},"234":{"start":{"line":235,"column":0},"end":{"line":235,"column":43}},"235":{"start":{"line":236,"column":0},"end":{"line":236,"column":45}},"236":{"start":{"line":237,"column":0},"end":{"line":237,"column":49}},"237":{"start":{"line":238,"column":0},"end":{"line":238,"column":49}},"238":{"start":{"line":239,"column":0},"end":{"line":239,"column":60}},"239":{"start":{"line":240,"column":0},"end":{"line":240,"column":56}},"240":{"start":{"line":241,"column":0},"end":{"line":241,"column":2}}},"s":{"0":1,"1":1,"2":1,"13":1,"41":1,"42":146,"43":146,"44":146,"45":146,"46":146,"47":146,"48":146,"49":146,"50":146,"51":146,"52":146,"53":146,"54":146,"55":146,"56":146,"57":146,"58":146,"59":146,"62":146,"63":34,"64":32,"65":32,"66":32,"67":32,"68":32,"69":32,"70":146,"72":146,"73":6,"75":6,"76":6,"77":6,"78":6,"79":6,"81":6,"82":6,"84":146,"86":9,"87":9,"88":9,"89":9,"90":9,"91":9,"92":9,"94":146,"95":146,"96":146,"97":146,"98":146,"99":146,"101":146,"102":146,"103":146,"104":146,"106":146,"107":146,"108":146,"110":146,"111":146,"113":146,"115":146,"116":146,"117":146,"118":146,"119":146,"120":146,"121":146,"122":146,"123":146,"124":146,"125":146,"126":295,"127":295,"128":295,"129":295,"130":295,"131":295,"132":295,"133":295,"134":295,"135":295,"137":146,"139":146,"140":146,"141":146,"142":146,"143":146,"144":146,"145":146,"146":146,"147":146,"148":146,"149":118,"150":118,"151":118,"152":118,"153":118,"154":118,"155":113,"157":118,"158":118,"159":118,"161":146,"163":146,"164":146,"165":146,"166":146,"167":146,"168":146,"169":146,"170":146,"171":146,"172":146,"173":113,"174":113,"175":113,"176":113,"177":113,"178":113,"179":110,"181":113,"182":113,"183":113,"185":146,"186":146,"187":146,"189":146,"190":146,"191":146,"193":146,"194":146,"195":146,"196":146,"197":146,"199":146,"200":146,"201":146,"202":146,"203":146,"204":146,"205":146,"207":146,"208":146,"209":146,"211":146,"213":1,"215":1,"216":1,"217":1,"218":1,"219":1,"220":1,"221":1,"222":1,"223":1,"224":1,"225":1,"226":1,"227":1,"228":1,"229":1,"230":1,"231":1,"232":1,"234":1,"235":1,"236":1,"237":1,"238":1,"239":1,"240":1},"branchMap":{"0":{"type":"branch","line":42,"loc":{"start":{"line":42,"column":28},"end":{"line":212,"column":2}},"locations":[{"start":{"line":42,"column":28},"end":{"line":212,"column":2}}]},"1":{"type":"branch","line":56,"loc":{"start":{"line":56,"column":12},"end":{"line":56,"column":37}},"locations":[{"start":{"line":56,"column":12},"end":{"line":56,"column":37}}]},"2":{"type":"branch","line":56,"loc":{"start":{"line":56,"column":29},"end":{"line":56,"column":40}},"locations":[{"start":{"line":56,"column":29},"end":{"line":56,"column":40}}]},"3":{"type":"branch","line":57,"loc":{"start":{"line":57,"column":13},"end":{"line":57,"column":39}},"locations":[{"start":{"line":57,"column":13},"end":{"line":57,"column":39}}]},"4":{"type":"branch","line":57,"loc":{"start":{"line":57,"column":30},"end":{"line":57,"column":42}},"locations":[{"start":{"line":57,"column":30},"end":{"line":57,"column":42}}]},"5":{"type":"branch","line":58,"loc":{"start":{"line":58,"column":15},"end":{"line":58,"column":43}},"locations":[{"start":{"line":58,"column":15},"end":{"line":58,"column":43}}]},"6":{"type":"branch","line":58,"loc":{"start":{"line":58,"column":32},"end":{"line":58,"column":46}},"locations":[{"start":{"line":58,"column":32},"end":{"line":58,"column":46}}]},"7":{"type":"branch","line":63,"loc":{"start":{"line":63,"column":12},"end":{"line":71,"column":5}},"locations":[{"start":{"line":63,"column":12},"end":{"line":71,"column":5}}]},"8":{"type":"branch","line":64,"loc":{"start":{"line":64,"column":14},"end":{"line":70,"column":5}},"locations":[{"start":{"line":64,"column":14},"end":{"line":70,"column":5}}]},"9":{"type":"branch","line":66,"loc":{"start":{"line":66,"column":14},"end":{"line":66,"column":39}},"locations":[{"start":{"line":66,"column":14},"end":{"line":66,"column":39}}]},"10":{"type":"branch","line":66,"loc":{"start":{"line":66,"column":31},"end":{"line":66,"column":42}},"locations":[{"start":{"line":66,"column":31},"end":{"line":66,"column":42}}]},"11":{"type":"branch","line":67,"loc":{"start":{"line":67,"column":15},"end":{"line":67,"column":41}},"locations":[{"start":{"line":67,"column":15},"end":{"line":67,"column":41}}]},"12":{"type":"branch","line":67,"loc":{"start":{"line":67,"column":32},"end":{"line":67,"column":44}},"locations":[{"start":{"line":67,"column":32},"end":{"line":67,"column":44}}]},"13":{"type":"branch","line":68,"loc":{"start":{"line":68,"column":17},"end":{"line":68,"column":45}},"locations":[{"start":{"line":68,"column":17},"end":{"line":68,"column":45}}]},"14":{"type":"branch","line":68,"loc":{"start":{"line":68,"column":34},"end":{"line":68,"column":48}},"locations":[{"start":{"line":68,"column":34},"end":{"line":68,"column":48}}]},"15":{"type":"branch","line":73,"loc":{"start":{"line":73,"column":21},"end":{"line":83,"column":4}},"locations":[{"start":{"line":73,"column":21},"end":{"line":83,"column":4}}]},"16":{"type":"branch","line":78,"loc":{"start":{"line":78,"column":29},"end":{"line":78,"column":44}},"locations":[{"start":{"line":78,"column":29},"end":{"line":78,"column":44}}]},"17":{"type":"branch","line":79,"loc":{"start":{"line":79,"column":33},"end":{"line":79,"column":48}},"locations":[{"start":{"line":79,"column":33},"end":{"line":79,"column":48}}]},"18":{"type":"branch","line":85,"loc":{"start":{"line":85,"column":22},"end":{"line":93,"column":4}},"locations":[{"start":{"line":85,"column":22},"end":{"line":93,"column":4}}]},"19":{"type":"branch","line":88,"loc":{"start":{"line":88,"column":12},"end":{"line":88,"column":37}},"locations":[{"start":{"line":88,"column":12},"end":{"line":88,"column":37}}]},"20":{"type":"branch","line":88,"loc":{"start":{"line":88,"column":29},"end":{"line":88,"column":40}},"locations":[{"start":{"line":88,"column":29},"end":{"line":88,"column":40}}]},"21":{"type":"branch","line":89,"loc":{"start":{"line":89,"column":13},"end":{"line":89,"column":39}},"locations":[{"start":{"line":89,"column":13},"end":{"line":89,"column":39}}]},"22":{"type":"branch","line":89,"loc":{"start":{"line":89,"column":30},"end":{"line":89,"column":42}},"locations":[{"start":{"line":89,"column":30},"end":{"line":89,"column":42}}]},"23":{"type":"branch","line":90,"loc":{"start":{"line":90,"column":15},"end":{"line":90,"column":43}},"locations":[{"start":{"line":90,"column":15},"end":{"line":90,"column":43}}]},"24":{"type":"branch","line":90,"loc":{"start":{"line":90,"column":32},"end":{"line":90,"column":46}},"locations":[{"start":{"line":90,"column":32},"end":{"line":90,"column":46}}]},"25":{"type":"branch","line":126,"loc":{"start":{"line":126,"column":20},"end":{"line":136,"column":16}},"locations":[{"start":{"line":126,"column":20},"end":{"line":136,"column":16}}]},"26":{"type":"branch","line":131,"loc":{"start":{"line":131,"column":35},"end":{"line":131,"column":49}},"locations":[{"start":{"line":131,"column":35},"end":{"line":131,"column":49}}]},"27":{"type":"branch","line":149,"loc":{"start":{"line":149,"column":20},"end":{"line":160,"column":16}},"locations":[{"start":{"line":149,"column":20},"end":{"line":160,"column":16}}]},"28":{"type":"branch","line":155,"loc":{"start":{"line":155,"column":25},"end":{"line":155,"column":42}},"locations":[{"start":{"line":155,"column":25},"end":{"line":155,"column":42}}]},"29":{"type":"branch","line":155,"loc":{"start":{"line":155,"column":32},"end":{"line":156,"column":59}},"locations":[{"start":{"line":155,"column":32},"end":{"line":156,"column":59}}]},"30":{"type":"branch","line":173,"loc":{"start":{"line":173,"column":20},"end":{"line":184,"column":16}},"locations":[{"start":{"line":173,"column":20},"end":{"line":184,"column":16}}]},"31":{"type":"branch","line":179,"loc":{"start":{"line":179,"column":25},"end":{"line":179,"column":44}},"locations":[{"start":{"line":179,"column":25},"end":{"line":179,"column":44}}]},"32":{"type":"branch","line":179,"loc":{"start":{"line":179,"column":34},"end":{"line":180,"column":54}},"locations":[{"start":{"line":179,"column":34},"end":{"line":180,"column":54}}]}},"b":{"0":[146],"1":[21],"2":[128],"3":[21],"4":[131],"5":[21],"6":[136],"7":[34],"8":[32],"9":[5],"10":[28],"11":[5],"12":[29],"13":[5],"14":[30],"15":[6],"16":[4],"17":[5],"18":[9],"19":[1],"20":[8],"21":[1],"22":[8],"23":[1],"24":[8],"25":[295],"26":[24],"27":[118],"28":[5],"29":[113],"30":[113],"31":[3],"32":[110]},"fnMap":{"0":{"name":"CitySelectionDialog","decl":{"start":{"line":42,"column":28},"end":{"line":212,"column":2}},"loc":{"start":{"line":42,"column":28},"end":{"line":212,"column":2}},"line":42},"1":{"name":"handleSave","decl":{"start":{"line":73,"column":21},"end":{"line":83,"column":4}},"loc":{"start":{"line":73,"column":21},"end":{"line":83,"column":4}},"line":73},"2":{"name":"handleClose","decl":{"start":{"line":85,"column":22},"end":{"line":93,"column":4}},"loc":{"start":{"line":85,"column":22},"end":{"line":93,"column":4}},"line":85},"3":{"name":"render","decl":{"start":{"line":126,"column":20},"end":{"line":136,"column":16}},"loc":{"start":{"line":126,"column":20},"end":{"line":136,"column":16}},"line":126},"4":{"name":"render","decl":{"start":{"line":149,"column":20},"end":{"line":160,"column":16}},"loc":{"start":{"line":149,"column":20},"end":{"line":160,"column":16}},"line":149},"5":{"name":"render","decl":{"start":{"line":173,"column":20},"end":{"line":184,"column":16}},"loc":{"start":{"line":173,"column":20},"end":{"line":184,"column":16}},"line":173}},"f":{"0":146,"1":6,"2":9,"3":295,"4":118,"5":113}}
,"/Users/blakedestasio/Code/demos/picnic-planner/Client/src/components/HistoricalWeatherTable.tsx": {"path":"/Users/blakedestasio/Code/demos/picnic-planner/Client/src/components/HistoricalWeatherTable.tsx","all":false,"statementMap":{"0":{"start":{"line":1,"column":0},"end":{"line":1,"column":8}},"13":{"start":{"line":14,"column":0},"end":{"line":14,"column":63}},"14":{"start":{"line":15,"column":0},"end":{"line":15,"column":72}},"15":{"start":{"line":16,"column":0},"end":{"line":16,"column":70}},"16":{"start":{"line":17,"column":0},"end":{"line":17,"column":76}},"33":{"start":{"line":34,"column":0},"end":{"line":34,"column":33}},"34":{"start":{"line":35,"column":0},"end":{"line":35,"column":11}},"35":{"start":{"line":36,"column":0},"end":{"line":36,"column":7}},"36":{"start":{"line":37,"column":0},"end":{"line":37,"column":18}},"37":{"start":{"line":38,"column":0},"end":{"line":38,"column":17}},"38":{"start":{"line":39,"column":0},"end":{"line":39,"column":36}},"39":{"start":{"line":40,"column":0},"end":{"line":40,"column":65}},"40":{"start":{"line":41,"column":0},"end":{"line":41,"column":24}},"41":{"start":{"line":42,"column":0},"end":{"line":42,"column":26}},"42":{"start":{"line":43,"column":0},"end":{"line":43,"column":30}},"43":{"start":{"line":44,"column":0},"end":{"line":44,"column":15}},"44":{"start":{"line":45,"column":0},"end":{"line":45,"column":25}},"45":{"start":{"line":46,"column":0},"end":{"line":46,"column":5}},"47":{"start":{"line":48,"column":0},"end":{"line":48,"column":14}},"48":{"start":{"line":49,"column":0},"end":{"line":49,"column":12}},"49":{"start":{"line":50,"column":0},"end":{"line":50,"column":12}},"50":{"start":{"line":51,"column":0},"end":{"line":51,"column":24}},"51":{"start":{"line":52,"column":0},"end":{"line":52,"column":22}},"52":{"start":{"line":53,"column":0},"end":{"line":53,"column":62}},"53":{"start":{"line":54,"column":0},"end":{"line":54,"column":7}},"55":{"start":{"line":56,"column":0},"end":{"line":56,"column":14}},"57":{"start":{"line":58,"column":0},"end":{"line":58,"column":3}},"59":{"start":{"line":60,"column":0},"end":{"line":60,"column":18}},"60":{"start":{"line":61,"column":0},"end":{"line":61,"column":12}},"61":{"start":{"line":62,"column":0},"end":{"line":62,"column":10}},"62":{"start":{"line":63,"column":0},"end":{"line":63,"column":22}},"63":{"start":{"line":64,"column":0},"end":{"line":64,"column":67}},"65":{"start":{"line":66,"column":0},"end":{"line":66,"column":74}},"66":{"start":{"line":67,"column":0},"end":{"line":67,"column":68}},"67":{"start":{"line":68,"column":0},"end":{"line":68,"column":12}},"69":{"start":{"line":70,"column":0},"end":{"line":70,"column":3}},"71":{"start":{"line":72,"column":0},"end":{"line":72,"column":50}},"72":{"start":{"line":73,"column":0},"end":{"line":73,"column":12}},"73":{"start":{"line":74,"column":0},"end":{"line":74,"column":12}},"74":{"start":{"line":75,"column":0},"end":{"line":75,"column":23}},"75":{"start":{"line":76,"column":0},"end":{"line":76,"column":22}},"76":{"start":{"line":77,"column":0},"end":{"line":77,"column":63}},"77":{"start":{"line":78,"column":0},"end":{"line":78,"column":7}},"79":{"start":{"line":80,"column":0},"end":{"line":80,"column":14}},"81":{"start":{"line":82,"column":0},"end":{"line":82,"column":3}},"83":{"start":{"line":84,"column":0},"end":{"line":84,"column":45}},"85":{"start":{"line":86,"column":0},"end":{"line":86,"column":10}},"86":{"start":{"line":87,"column":0},"end":{"line":87,"column":78}},"88":{"start":{"line":89,"column":0},"end":{"line":89,"column":36}},"89":{"start":{"line":90,"column":0},"end":{"line":90,"column":39}},"90":{"start":{"line":91,"column":0},"end":{"line":91,"column":41}},"91":{"start":{"line":92,"column":0},"end":{"line":92,"column":68}},"92":{"start":{"line":93,"column":0},"end":{"line":93,"column":8}},"94":{"start":{"line":95,"column":0},"end":{"line":95,"column":21}},"95":{"start":{"line":96,"column":0},"end":{"line":96,"column":25}},"96":{"start":{"line":97,"column":0},"end":{"line":97,"column":21}},"97":{"start":{"line":98,"column":0},"end":{"line":98,"column":66}},"99":{"start":{"line":100,"column":0},"end":{"line":100,"column":14}},"100":{"start":{"line":101,"column":0},"end":{"line":101,"column":22}},"101":{"start":{"line":102,"column":0},"end":{"line":102,"column":46}},"102":{"start":{"line":103,"column":0},"end":{"line":103,"column":59}},"104":{"start":{"line":105,"column":0},"end":{"line":105,"column":75}},"105":{"start":{"line":106,"column":0},"end":{"line":106,"column":22}},"106":{"start":{"line":107,"column":0},"end":{"line":107,"column":80}},"107":{"start":{"line":108,"column":0},"end":{"line":108,"column":66}},"109":{"start":{"line":110,"column":0},"end":{"line":110,"column":29}},"110":{"start":{"line":111,"column":0},"end":{"line":111,"column":26}},"111":{"start":{"line":112,"column":0},"end":{"line":112,"column":24}},"112":{"start":{"line":113,"column":0},"end":{"line":113,"column":29}},"113":{"start":{"line":114,"column":0},"end":{"line":114,"column":77}},"115":{"start":{"line":116,"column":0},"end":{"line":116,"column":66}},"117":{"start":{"line":118,"column":0},"end":{"line":118,"column":66}},"118":{"start":{"line":119,"column":0},"end":{"line":119,"column":26}},"119":{"start":{"line":120,"column":0},"end":{"line":120,"column":27}},"121":{"start":{"line":122,"column":0},"end":{"line":122,"column":29}},"122":{"start":{"line":123,"column":0},"end":{"line":123,"column":26}},"123":{"start":{"line":124,"column":0},"end":{"line":124,"column":24}},"124":{"start":{"line":125,"column":0},"end":{"line":125,"column":29}},"125":{"start":{"line":126,"column":0},"end":{"line":126,"column":79}},"127":{"start":{"line":128,"column":0},"end":{"line":128,"column":66}},"129":{"start":{"line":130,"column":0},"end":{"line":130,"column":29}},"130":{"start":{"line":131,"column":0},"end":{"line":131,"column":26}},"131":{"start":{"line":132,"column":0},"end":{"line":132,"column":24}},"132":{"start":{"line":133,"column":0},"end":{"line":133,"column":29}},"133":{"start":{"line":134,"column":0},"end":{"line":134,"column":74}},"135":{"start":{"line":136,"column":0},"end":{"line":136,"column":66}},"137":{"start":{"line":138,"column":0},"end":{"line":138,"column":29}},"138":{"start":{"line":139,"column":0},"end":{"line":139,"column":26}},"139":{"start":{"line":140,"column":0},"end":{"line":140,"column":23}},"140":{"start":{"line":141,"column":0},"end":{"line":141,"column":22}},"141":{"start":{"line":142,"column":0},"end":{"line":142,"column":75}},"142":{"start":{"line":143,"column":0},"end":{"line":143,"column":46}},"143":{"start":{"line":144,"column":0},"end":{"line":144,"column":87}},"144":{"start":{"line":145,"column":0},"end":{"line":145,"column":34}},"145":{"start":{"line":146,"column":0},"end":{"line":146,"column":60}},"146":{"start":{"line":147,"column":0},"end":{"line":147,"column":39}},"147":{"start":{"line":148,"column":0},"end":{"line":148,"column":33}},"148":{"start":{"line":149,"column":0},"end":{"line":149,"column":18}},"149":{"start":{"line":150,"column":0},"end":{"line":150,"column":66}},"150":{"start":{"line":151,"column":0},"end":{"line":151,"column":56}},"152":{"start":{"line":153,"column":0},"end":{"line":153,"column":24}},"153":{"start":{"line":154,"column":0},"end":{"line":154,"column":27}},"154":{"start":{"line":155,"column":0},"end":{"line":155,"column":39}},"155":{"start":{"line":156,"column":0},"end":{"line":156,"column":25}},"156":{"start":{"line":157,"column":0},"end":{"line":157,"column":94}},"158":{"start":{"line":159,"column":0},"end":{"line":159,"column":30}},"159":{"start":{"line":160,"column":0},"end":{"line":160,"column":96}},"161":{"start":{"line":162,"column":0},"end":{"line":162,"column":70}},"162":{"start":{"line":163,"column":0},"end":{"line":163,"column":39}},"163":{"start":{"line":164,"column":0},"end":{"line":164,"column":35}},"164":{"start":{"line":165,"column":0},"end":{"line":165,"column":32}},"165":{"start":{"line":166,"column":0},"end":{"line":166,"column":30}},"166":{"start":{"line":167,"column":0},"end":{"line":167,"column":35}},"167":{"start":{"line":168,"column":0},"end":{"line":168,"column":103}},"169":{"start":{"line":170,"column":0},"end":{"line":170,"column":33}},"170":{"start":{"line":171,"column":0},"end":{"line":171,"column":39}},"171":{"start":{"line":172,"column":0},"end":{"line":172,"column":31}},"172":{"start":{"line":173,"column":0},"end":{"line":173,"column":39}},"173":{"start":{"line":174,"column":0},"end":{"line":174,"column":50}},"174":{"start":{"line":175,"column":0},"end":{"line":175,"column":62}},"175":{"start":{"line":176,"column":0},"end":{"line":176,"column":43}},"176":{"start":{"line":177,"column":0},"end":{"line":177,"column":27}},"177":{"start":{"line":178,"column":0},"end":{"line":178,"column":42}},"178":{"start":{"line":179,"column":0},"end":{"line":179,"column":44}},"181":{"start":{"line":182,"column":0},"end":{"line":182,"column":48}},"182":{"start":{"line":183,"column":0},"end":{"line":183,"column":35}},"183":{"start":{"line":184,"column":0},"end":{"line":184,"column":32}},"184":{"start":{"line":185,"column":0},"end":{"line":185,"column":30}},"185":{"start":{"line":186,"column":0},"end":{"line":186,"column":35}},"186":{"start":{"line":187,"column":0},"end":{"line":187,"column":105}},"188":{"start":{"line":189,"column":0},"end":{"line":189,"column":33}},"189":{"start":{"line":190,"column":0},"end":{"line":190,"column":39}},"190":{"start":{"line":191,"column":0},"end":{"line":191,"column":31}},"191":{"start":{"line":192,"column":0},"end":{"line":192,"column":41}},"192":{"start":{"line":193,"column":0},"end":{"line":193,"column":68}},"193":{"start":{"line":194,"column":0},"end":{"line":194,"column":42}},"194":{"start":{"line":195,"column":0},"end":{"line":195,"column":44}},"197":{"start":{"line":198,"column":0},"end":{"line":198,"column":50}},"198":{"start":{"line":199,"column":0},"end":{"line":199,"column":35}},"199":{"start":{"line":200,"column":0},"end":{"line":200,"column":32}},"200":{"start":{"line":201,"column":0},"end":{"line":201,"column":30}},"201":{"start":{"line":202,"column":0},"end":{"line":202,"column":35}},"202":{"start":{"line":203,"column":0},"end":{"line":203,"column":100}},"204":{"start":{"line":205,"column":0},"end":{"line":205,"column":50}},"205":{"start":{"line":206,"column":0},"end":{"line":206,"column":45}},"206":{"start":{"line":207,"column":0},"end":{"line":207,"column":35}},"207":{"start":{"line":208,"column":0},"end":{"line":208,"column":32}},"208":{"start":{"line":209,"column":0},"end":{"line":209,"column":29}},"210":{"start":{"line":211,"column":0},"end":{"line":211,"column":17}},"211":{"start":{"line":212,"column":0},"end":{"line":212,"column":22}},"212":{"start":{"line":213,"column":0},"end":{"line":213,"column":16}},"213":{"start":{"line":214,"column":0},"end":{"line":214,"column":23}},"215":{"start":{"line":216,"column":0},"end":{"line":216,"column":17}},"216":{"start":{"line":217,"column":0},"end":{"line":217,"column":25}},"217":{"start":{"line":218,"column":0},"end":{"line":218,"column":30}},"218":{"start":{"line":219,"column":0},"end":{"line":219,"column":40}},"219":{"start":{"line":220,"column":0},"end":{"line":220,"column":63}},"221":{"start":{"line":222,"column":0},"end":{"line":222,"column":76}},"222":{"start":{"line":223,"column":0},"end":{"line":223,"column":18}},"223":{"start":{"line":224,"column":0},"end":{"line":224,"column":11}},"224":{"start":{"line":225,"column":0},"end":{"line":225,"column":26}},"225":{"start":{"line":226,"column":0},"end":{"line":226,"column":27}},"226":{"start":{"line":227,"column":0},"end":{"line":227,"column":11}},"227":{"start":{"line":228,"column":0},"end":{"line":228,"column":127}},"228":{"start":{"line":229,"column":0},"end":{"line":229,"column":19}},"229":{"start":{"line":230,"column":0},"end":{"line":230,"column":10}},"231":{"start":{"line":232,"column":0},"end":{"line":232,"column":2}},"233":{"start":{"line":234,"column":0},"end":{"line":234,"column":38}},"235":{"start":{"line":236,"column":0},"end":{"line":236,"column":46}},"236":{"start":{"line":237,"column":0},"end":{"line":237,"column":50}},"237":{"start":{"line":238,"column":0},"end":{"line":238,"column":47}},"238":{"start":{"line":239,"column":0},"end":{"line":239,"column":54}},"239":{"start":{"line":240,"column":0},"end":{"line":240,"column":50}},"240":{"start":{"line":241,"column":0},"end":{"line":241,"column":55}},"241":{"start":{"line":242,"column":0},"end":{"line":242,"column":61}},"242":{"start":{"line":243,"column":0},"end":{"line":243,"column":36}},"243":{"start":{"line":244,"column":0},"end":{"line":244,"column":45}},"244":{"start":{"line":245,"column":0},"end":{"line":245,"column":45}},"245":{"start":{"line":246,"column":0},"end":{"line":246,"column":53}},"246":{"start":{"line":247,"column":0},"end":{"line":247,"column":67}},"247":{"start":{"line":248,"column":0},"end":{"line":248,"column":71}},"248":{"start":{"line":249,"column":0},"end":{"line":249,"column":61}},"249":{"start":{"line":250,"column":0},"end":{"line":250,"column":50}},"250":{"start":{"line":251,"column":0},"end":{"line":251,"column":43}},"251":{"start":{"line":252,"column":0},"end":{"line":252,"column":49}},"252":{"start":{"line":253,"column":0},"end":{"line":253,"column":63}},"253":{"start":{"line":254,"column":0},"end":{"line":254,"column":67}},"254":{"start":{"line":255,"column":0},"end":{"line":255,"column":57}},"255":{"start":{"line":256,"column":0},"end":{"line":256,"column":2}}},"s":{"0":1,"13":1,"14":1,"15":1,"16":1,"33":1,"34":24,"35":24,"36":24,"37":24,"38":24,"39":24,"40":24,"41":24,"42":24,"43":24,"44":24,"45":24,"47":24,"48":1,"49":1,"50":1,"51":1,"52":1,"53":1,"55":1,"57":1,"59":24,"60":4,"61":4,"62":4,"63":4,"65":4,"66":4,"67":4,"69":4,"71":24,"72":3,"73":3,"74":3,"75":3,"76":3,"77":3,"79":3,"81":3,"83":16,"85":16,"86":16,"88":16,"89":16,"90":16,"91":16,"92":16,"94":16,"95":16,"96":16,"97":16,"99":16,"100":16,"101":16,"102":16,"104":16,"105":16,"106":16,"107":16,"109":16,"110":16,"111":16,"112":16,"113":16,"115":16,"117":16,"118":14,"119":2,"121":24,"122":24,"123":24,"124":24,"125":24,"127":24,"129":24,"130":24,"131":24,"132":24,"133":24,"135":24,"137":24,"138":24,"139":24,"140":24,"141":24,"142":24,"143":24,"144":24,"145":44,"146":44,"147":44,"148":44,"149":44,"150":44,"152":44,"153":44,"154":44,"155":44,"156":44,"158":44,"159":44,"161":44,"162":44,"163":44,"164":44,"165":44,"166":44,"167":44,"169":44,"170":44,"171":44,"172":44,"173":44,"174":44,"175":44,"176":44,"177":30,"178":14,"181":44,"182":44,"183":44,"184":44,"185":44,"186":44,"188":44,"189":44,"190":44,"191":44,"192":44,"193":14,"194":30,"197":44,"198":44,"199":44,"200":44,"201":44,"202":44,"204":44,"205":44,"206":44,"207":44,"208":44,"210":24,"211":24,"212":24,"213":24,"215":24,"216":24,"217":24,"218":24,"219":24,"221":24,"222":24,"223":24,"224":24,"225":24,"226":24,"227":24,"228":24,"229":24,"231":24,"233":1,"235":1,"236":1,"237":1,"238":1,"239":1,"240":1,"241":1,"242":1,"243":1,"244":1,"245":1,"246":1,"247":1,"248":1,"249":1,"250":1,"251":1,"252":1,"253":1,"254":1,"255":1},"branchMap":{"0":{"type":"branch","line":34,"loc":{"start":{"line":34,"column":31},"end":{"line":232,"column":2}},"locations":[{"start":{"line":34,"column":31},"end":{"line":232,"column":2}}]},"1":{"type":"branch","line":48,"loc":{"start":{"line":48,"column":13},"end":{"line":58,"column":3}},"locations":[{"start":{"line":48,"column":13},"end":{"line":58,"column":3}}]},"2":{"type":"branch","line":58,"loc":{"start":{"line":58,"column":2},"end":{"line":60,"column":17}},"locations":[{"start":{"line":58,"column":2},"end":{"line":60,"column":17}}]},"3":{"type":"branch","line":60,"loc":{"start":{"line":60,"column":17},"end":{"line":70,"column":3}},"locations":[{"start":{"line":60,"column":17},"end":{"line":70,"column":3}}]},"4":{"type":"branch","line":70,"loc":{"start":{"line":70,"column":2},"end":{"line":72,"column":13}},"locations":[{"start":{"line":70,"column":2},"end":{"line":72,"column":13}}]},"5":{"type":"branch","line":72,"loc":{"start":{"line":72,"column":7},"end":{"line":72,"column":29}},"locations":[{"start":{"line":72,"column":7},"end":{"line":72,"column":29}}]},"6":{"type":"branch","line":72,"loc":{"start":{"line":72,"column":13},"end":{"line":72,"column":49}},"locations":[{"start":{"line":72,"column":13},"end":{"line":72,"column":49}}]},"7":{"type":"branch","line":72,"loc":{"start":{"line":72,"column":49},"end":{"line":82,"column":3}},"locations":[{"start":{"line":72,"column":49},"end":{"line":82,"column":3}}]},"8":{"type":"branch","line":82,"loc":{"start":{"line":82,"column":2},"end":{"line":118,"column":66}},"locations":[{"start":{"line":82,"column":2},"end":{"line":118,"column":66}}]},"9":{"type":"branch","line":118,"loc":{"start":{"line":118,"column":56},"end":{"line":119,"column":26}},"locations":[{"start":{"line":118,"column":56},"end":{"line":119,"column":26}}]},"10":{"type":"branch","line":119,"loc":{"start":{"line":119,"column":22},"end":{"line":120,"column":27}},"locations":[{"start":{"line":119,"column":22},"end":{"line":120,"column":27}}]},"11":{"type":"branch","line":143,"loc":{"start":{"line":143,"column":29},"end":{"line":143,"column":46}},"locations":[{"start":{"line":143,"column":29},"end":{"line":143,"column":46}}]},"12":{"type":"branch","line":222,"loc":{"start":{"line":222,"column":36},"end":{"line":222,"column":55}},"locations":[{"start":{"line":222,"column":36},"end":{"line":222,"column":55}}]},"13":{"type":"branch","line":228,"loc":{"start":{"line":228,"column":84},"end":{"line":228,"column":101}},"locations":[{"start":{"line":228,"column":84},"end":{"line":228,"column":101}}]},"14":{"type":"branch","line":144,"loc":{"start":{"line":144,"column":20},"end":{"line":144,"column":59}},"locations":[{"start":{"line":144,"column":20},"end":{"line":144,"column":59}}]},"15":{"type":"branch","line":144,"loc":{"start":{"line":144,"column":33},"end":{"line":144,"column":47}},"locations":[{"start":{"line":144,"column":33},"end":{"line":144,"column":47}}]},"16":{"type":"branch","line":144,"loc":{"start":{"line":144,"column":49},"end":{"line":144,"column":59}},"locations":[{"start":{"line":144,"column":49},"end":{"line":144,"column":59}}]},"17":{"type":"branch","line":145,"loc":{"start":{"line":145,"column":19},"end":{"line":211,"column":15}},"locations":[{"start":{"line":145,"column":19},"end":{"line":211,"column":15}}]},"18":{"type":"branch","line":150,"loc":{"start":{"line":150,"column":47},"end":{"line":150,"column":66}},"locations":[{"start":{"line":150,"column":47},"end":{"line":150,"column":66}}]},"19":{"type":"branch","line":151,"loc":{"start":{"line":151,"column":42},"end":{"line":151,"column":56}},"locations":[{"start":{"line":151,"column":42},"end":{"line":151,"column":56}}]},"20":{"type":"branch","line":177,"loc":{"start":{"line":177,"column":26},"end":{"line":178,"column":42}},"locations":[{"start":{"line":177,"column":26},"end":{"line":178,"column":42}}]},"21":{"type":"branch","line":178,"loc":{"start":{"line":178,"column":30},"end":{"line":179,"column":44}},"locations":[{"start":{"line":178,"column":30},"end":{"line":179,"column":44}}]},"22":{"type":"branch","line":193,"loc":{"start":{"line":193,"column":42},"end":{"line":193,"column":68}},"locations":[{"start":{"line":193,"column":42},"end":{"line":193,"column":68}}]},"23":{"type":"branch","line":193,"loc":{"start":{"line":193,"column":66},"end":{"line":194,"column":42}},"locations":[{"start":{"line":193,"column":66},"end":{"line":194,"column":42}}]},"24":{"type":"branch","line":194,"loc":{"start":{"line":194,"column":30},"end":{"line":195,"column":44}},"locations":[{"start":{"line":194,"column":30},"end":{"line":195,"column":44}}]}},"b":{"0":[24],"1":[1],"2":[23],"3":[4],"4":[19],"5":[18],"6":[17],"7":[3],"8":[16],"9":[14],"10":[2],"11":[0],"12":[1],"13":[1],"14":[28],"15":[0],"16":[0],"17":[44],"18":[1],"19":[1],"20":[30],"21":[14],"22":[0],"23":[14],"24":[30]},"fnMap":{"0":{"name":"HistoricalWeatherTable","decl":{"start":{"line":34,"column":31},"end":{"line":232,"column":2}},"loc":{"start":{"line":34,"column":31},"end":{"line":232,"column":2}},"line":34}},"f":{"0":24}}
,"/Users/blakedestasio/Code/demos/picnic-planner/Client/src/components/HistoricalWeatherTableSummary.tsx": {"path":"/Users/blakedestasio/Code/demos/picnic-planner/Client/src/components/HistoricalWeatherTableSummary.tsx","all":false,"statementMap":{"0":{"start":{"line":1,"column":0},"end":{"line":1,"column":67}},"1":{"start":{"line":2,"column":0},"end":{"line":2,"column":60}},"2":{"start":{"line":3,"column":0},"end":{"line":3,"column":58}},"3":{"start":{"line":4,"column":0},"end":{"line":4,"column":54}},"4":{"start":{"line":5,"column":0},"end":{"line":5,"column":48}},"19":{"start":{"line":20,"column":0},"end":{"line":20,"column":47}},"20":{"start":{"line":21,"column":0},"end":{"line":21,"column":17}},"21":{"start":{"line":22,"column":0},"end":{"line":22,"column":28}},"22":{"start":{"line":23,"column":0},"end":{"line":23,"column":43}},"23":{"start":{"line":24,"column":0},"end":{"line":24,"column":10}},"24":{"start":{"line":25,"column":0},"end":{"line":25,"column":8}},"25":{"start":{"line":26,"column":0},"end":{"line":26,"column":28}},"26":{"start":{"line":27,"column":0},"end":{"line":27,"column":67}},"28":{"start":{"line":29,"column":0},"end":{"line":29,"column":17}},"29":{"start":{"line":30,"column":0},"end":{"line":30,"column":20}},"30":{"start":{"line":31,"column":0},"end":{"line":31,"column":20}},"31":{"start":{"line":32,"column":0},"end":{"line":32,"column":71}},"32":{"start":{"line":33,"column":0},"end":{"line":33,"column":7}},"33":{"start":{"line":34,"column":0},"end":{"line":34,"column":71}},"34":{"start":{"line":35,"column":0},"end":{"line":35,"column":19}},"35":{"start":{"line":36,"column":0},"end":{"line":36,"column":10}},"36":{"start":{"line":37,"column":0},"end":{"line":37,"column":32}},"37":{"start":{"line":38,"column":0},"end":{"line":38,"column":71}},"39":{"start":{"line":40,"column":0},"end":{"line":40,"column":12}},"40":{"start":{"line":41,"column":0},"end":{"line":41,"column":30}},"41":{"start":{"line":42,"column":0},"end":{"line":42,"column":80}},"43":{"start":{"line":44,"column":0},"end":{"line":44,"column":25}},"44":{"start":{"line":45,"column":0},"end":{"line":45,"column":27}},"45":{"start":{"line":46,"column":0},"end":{"line":46,"column":28}},"46":{"start":{"line":47,"column":0},"end":{"line":47,"column":78}},"47":{"start":{"line":48,"column":0},"end":{"line":48,"column":12}},"48":{"start":{"line":49,"column":0},"end":{"line":49,"column":15}},"49":{"start":{"line":50,"column":0},"end":{"line":50,"column":23}},"50":{"start":{"line":51,"column":0},"end":{"line":51,"column":29}},"51":{"start":{"line":52,"column":0},"end":{"line":52,"column":36}},"52":{"start":{"line":53,"column":0},"end":{"line":53,"column":27}},"53":{"start":{"line":54,"column":0},"end":{"line":54,"column":69}},"55":{"start":{"line":56,"column":0},"end":{"line":56,"column":13}},"57":{"start":{"line":58,"column":0},"end":{"line":58,"column":25}},"58":{"start":{"line":59,"column":0},"end":{"line":59,"column":23}},"59":{"start":{"line":60,"column":0},"end":{"line":60,"column":29}},"60":{"start":{"line":61,"column":0},"end":{"line":61,"column":31}},"61":{"start":{"line":62,"column":0},"end":{"line":62,"column":27}},"62":{"start":{"line":63,"column":0},"end":{"line":63,"column":69}},"65":{"start":{"line":66,"column":0},"end":{"line":66,"column":79}},"66":{"start":{"line":67,"column":0},"end":{"line":67,"column":25}},"67":{"start":{"line":68,"column":0},"end":{"line":68,"column":16}},"68":{"start":{"line":69,"column":0},"end":{"line":69,"column":14}},"69":{"start":{"line":70,"column":0},"end":{"line":70,"column":12}},"70":{"start":{"line":71,"column":0},"end":{"line":71,"column":30}},"71":{"start":{"line":72,"column":0},"end":{"line":72,"column":23}},"72":{"start":{"line":73,"column":0},"end":{"line":73,"column":70}},"75":{"start":{"line":76,"column":0},"end":{"line":76,"column":24}},"76":{"start":{"line":77,"column":0},"end":{"line":77,"column":27}},"77":{"start":{"line":78,"column":0},"end":{"line":78,"column":28}},"78":{"start":{"line":79,"column":0},"end":{"line":79,"column":80}},"79":{"start":{"line":80,"column":0},"end":{"line":80,"column":12}},"80":{"start":{"line":81,"column":0},"end":{"line":81,"column":15}},"81":{"start":{"line":82,"column":0},"end":{"line":82,"column":23}},"82":{"start":{"line":83,"column":0},"end":{"line":83,"column":29}},"83":{"start":{"line":84,"column":0},"end":{"line":84,"column":36}},"84":{"start":{"line":85,"column":0},"end":{"line":85,"column":27}},"85":{"start":{"line":86,"column":0},"end":{"line":86,"column":71}},"87":{"start":{"line":88,"column":0},"end":{"line":88,"column":13}},"89":{"start":{"line":90,"column":0},"end":{"line":90,"column":25}},"90":{"start":{"line":91,"column":0},"end":{"line":91,"column":23}},"91":{"start":{"line":92,"column":0},"end":{"line":92,"column":29}},"92":{"start":{"line":93,"column":0},"end":{"line":93,"column":31}},"93":{"start":{"line":94,"column":0},"end":{"line":94,"column":27}},"94":{"start":{"line":95,"column":0},"end":{"line":95,"column":71}},"97":{"start":{"line":98,"column":0},"end":{"line":98,"column":71}},"98":{"start":{"line":99,"column":0},"end":{"line":99,"column":25}},"99":{"start":{"line":100,"column":0},"end":{"line":100,"column":16}},"100":{"start":{"line":101,"column":0},"end":{"line":101,"column":14}},"101":{"start":{"line":102,"column":0},"end":{"line":102,"column":12}},"102":{"start":{"line":103,"column":0},"end":{"line":103,"column":30}},"103":{"start":{"line":104,"column":0},"end":{"line":104,"column":77}},"105":{"start":{"line":106,"column":0},"end":{"line":106,"column":22}},"106":{"start":{"line":107,"column":0},"end":{"line":107,"column":27}},"107":{"start":{"line":108,"column":0},"end":{"line":108,"column":28}},"108":{"start":{"line":109,"column":0},"end":{"line":109,"column":75}},"109":{"start":{"line":110,"column":0},"end":{"line":110,"column":12}},"110":{"start":{"line":111,"column":0},"end":{"line":111,"column":15}},"111":{"start":{"line":112,"column":0},"end":{"line":112,"column":23}},"112":{"start":{"line":113,"column":0},"end":{"line":113,"column":29}},"113":{"start":{"line":114,"column":0},"end":{"line":114,"column":36}},"114":{"start":{"line":115,"column":0},"end":{"line":115,"column":78}},"115":{"start":{"line":116,"column":0},"end":{"line":116,"column":13}},"117":{"start":{"line":118,"column":0},"end":{"line":118,"column":25}},"118":{"start":{"line":119,"column":0},"end":{"line":119,"column":23}},"119":{"start":{"line":120,"column":0},"end":{"line":120,"column":29}},"120":{"start":{"line":121,"column":0},"end":{"line":121,"column":31}},"121":{"start":{"line":122,"column":0},"end":{"line":122,"column":78}},"123":{"start":{"line":124,"column":0},"end":{"line":124,"column":65}},"124":{"start":{"line":125,"column":0},"end":{"line":125,"column":25}},"125":{"start":{"line":126,"column":0},"end":{"line":126,"column":16}},"126":{"start":{"line":127,"column":0},"end":{"line":127,"column":14}},"127":{"start":{"line":128,"column":0},"end":{"line":128,"column":12}},"128":{"start":{"line":129,"column":0},"end":{"line":129,"column":10}},"130":{"start":{"line":131,"column":0},"end":{"line":131,"column":2}},"132":{"start":{"line":133,"column":0},"end":{"line":133,"column":45}},"134":{"start":{"line":135,"column":0},"end":{"line":135,"column":16}},"135":{"start":{"line":136,"column":0},"end":{"line":136,"column":15}},"136":{"start":{"line":137,"column":0},"end":{"line":137,"column":10}},"137":{"start":{"line":138,"column":0},"end":{"line":138,"column":9}},"138":{"start":{"line":139,"column":0},"end":{"line":139,"column":40}},"139":{"start":{"line":140,"column":0},"end":{"line":140,"column":20}},"140":{"start":{"line":141,"column":0},"end":{"line":141,"column":24}},"141":{"start":{"line":142,"column":0},"end":{"line":142,"column":27}},"142":{"start":{"line":143,"column":0},"end":{"line":143,"column":4}},"143":{"start":{"line":144,"column":0},"end":{"line":144,"column":17}},"144":{"start":{"line":145,"column":0},"end":{"line":145,"column":20}},"145":{"start":{"line":146,"column":0},"end":{"line":146,"column":11}},"146":{"start":{"line":147,"column":0},"end":{"line":147,"column":30}},"147":{"start":{"line":148,"column":0},"end":{"line":148,"column":4}},"148":{"start":{"line":149,"column":0},"end":{"line":149,"column":13}},"149":{"start":{"line":150,"column":0},"end":{"line":150,"column":20}},"150":{"start":{"line":151,"column":0},"end":{"line":151,"column":25}},"151":{"start":{"line":152,"column":0},"end":{"line":152,"column":11}},"152":{"start":{"line":153,"column":0},"end":{"line":153,"column":18}},"153":{"start":{"line":154,"column":0},"end":{"line":154,"column":4}},"154":{"start":{"line":155,"column":0},"end":{"line":155,"column":2}},"156":{"start":{"line":157,"column":0},"end":{"line":157,"column":53}},"157":{"start":{"line":158,"column":0},"end":{"line":158,"column":53}},"158":{"start":{"line":159,"column":0},"end":{"line":159,"column":57}},"159":{"start":{"line":160,"column":0},"end":{"line":160,"column":57}},"160":{"start":{"line":161,"column":0},"end":{"line":161,"column":75}},"161":{"start":{"line":162,"column":0},"end":{"line":162,"column":71}},"162":{"start":{"line":163,"column":0},"end":{"line":163,"column":73}},"163":{"start":{"line":164,"column":0},"end":{"line":164,"column":73}},"164":{"start":{"line":165,"column":0},"end":{"line":165,"column":79}},"165":{"start":{"line":166,"column":0},"end":{"line":166,"column":75}},"166":{"start":{"line":167,"column":0},"end":{"line":167,"column":77}},"167":{"start":{"line":168,"column":0},"end":{"line":168,"column":77}},"168":{"start":{"line":169,"column":0},"end":{"line":169,"column":69}},"169":{"start":{"line":170,"column":0},"end":{"line":170,"column":65}},"170":{"start":{"line":171,"column":0},"end":{"line":171,"column":67}},"171":{"start":{"line":172,"column":0},"end":{"line":172,"column":67}},"172":{"start":{"line":173,"column":0},"end":{"line":173,"column":2}}},"s":{"0":1,"1":1,"2":1,"3":1,"4":1,"19":1,"20":28,"21":28,"22":28,"23":28,"24":28,"25":28,"26":28,"28":28,"29":28,"30":28,"31":28,"32":28,"33":28,"34":28,"35":28,"36":28,"37":28,"39":28,"40":28,"41":28,"43":28,"44":28,"45":28,"46":28,"47":28,"48":28,"49":28,"50":28,"51":28,"52":28,"53":28,"55":28,"57":28,"58":28,"59":28,"60":28,"61":28,"62":28,"65":28,"66":28,"67":28,"68":28,"69":28,"70":28,"71":28,"72":28,"75":28,"76":28,"77":28,"78":28,"79":28,"80":28,"81":28,"82":28,"83":28,"84":28,"85":28,"87":28,"89":28,"90":28,"91":28,"92":28,"93":28,"94":28,"97":28,"98":28,"99":28,"100":28,"101":28,"102":28,"103":28,"105":28,"106":28,"107":28,"108":28,"109":28,"110":28,"111":28,"112":28,"113":28,"114":28,"115":28,"117":28,"118":28,"119":28,"120":28,"121":28,"123":28,"124":28,"125":28,"126":28,"127":28,"128":28,"130":28,"132":1,"134":1,"135":1,"136":1,"137":1,"138":1,"139":1,"140":1,"141":1,"142":1,"143":1,"144":1,"145":1,"146":1,"147":1,"148":1,"149":1,"150":1,"151":1,"152":1,"153":1,"154":1,"156":1,"157":1,"158":1,"159":1,"160":1,"161":1,"162":1,"163":1,"164":1,"165":1,"166":1,"167":1,"168":1,"169":1,"170":1,"171":1,"172":1},"branchMap":{"0":{"type":"branch","line":20,"loc":{"start":{"line":20,"column":45},"end":{"line":131,"column":2}},"locations":[{"start":{"line":20,"column":45},"end":{"line":131,"column":2}}]},"1":{"type":"branch","line":98,"loc":{"start":{"line":98,"column":31},"end":{"line":98,"column":58}},"locations":[{"start":{"line":98,"column":31},"end":{"line":98,"column":58}}]},"2":{"type":"branch","line":124,"loc":{"start":{"line":124,"column":31},"end":{"line":124,"column":53}},"locations":[{"start":{"line":124,"column":31},"end":{"line":124,"column":53}}]}},"b":{"0":[28],"1":[3],"2":[3]},"fnMap":{"0":{"name":"HistoricalWeatherTableSummary","decl":{"start":{"line":20,"column":45},"end":{"line":131,"column":2}},"loc":{"start":{"line":20,"column":45},"end":{"line":131,"column":2}},"line":20}},"f":{"0":28}}
,"/Users/blakedestasio/Code/demos/picnic-planner/Client/src/components/PicnicCalendar.tsx": {"path":"/Users/blakedestasio/Code/demos/picnic-planner/Client/src/components/PicnicCalendar.tsx","all":false,"statementMap":{"0":{"start":{"line":1,"column":0},"end":{"line":1,"column":39}},"1":{"start":{"line":2,"column":0},"end":{"line":2,"column":61}},"2":{"start":{"line":3,"column":0},"end":{"line":3,"column":64}},"3":{"start":{"line":4,"column":0},"end":{"line":4,"column":80}},"4":{"start":{"line":5,"column":0},"end":{"line":5,"column":64}},"5":{"start":{"line":6,"column":0},"end":{"line":6,"column":60}},"7":{"start":{"line":8,"column":0},"end":{"line":8,"column":37}},"9":{"start":{"line":10,"column":0},"end":{"line":10,"column":61}},"10":{"start":{"line":11,"column":0},"end":{"line":11,"column":60}},"32":{"start":{"line":33,"column":0},"end":{"line":33,"column":50}},"33":{"start":{"line":34,"column":0},"end":{"line":34,"column":9}},"34":{"start":{"line":35,"column":0},"end":{"line":35,"column":16}},"35":{"start":{"line":36,"column":0},"end":{"line":36,"column":16}},"36":{"start":{"line":37,"column":0},"end":{"line":37,"column":8}},"37":{"start":{"line":38,"column":0},"end":{"line":38,"column":16}},"38":{"start":{"line":39,"column":0},"end":{"line":39,"column":24}},"39":{"start":{"line":40,"column":0},"end":{"line":40,"column":23}},"40":{"start":{"line":41,"column":0},"end":{"line":41,"column":22}},"41":{"start":{"line":42,"column":0},"end":{"line":42,"column":12}},"42":{"start":{"line":43,"column":0},"end":{"line":43,"column":12}},"43":{"start":{"line":44,"column":0},"end":{"line":44,"column":27}},"46":{"start":{"line":47,"column":0},"end":{"line":47,"column":30}},"47":{"start":{"line":48,"column":0},"end":{"line":48,"column":7}},"48":{"start":{"line":49,"column":0},"end":{"line":49,"column":37}},"49":{"start":{"line":50,"column":0},"end":{"line":50,"column":20}},"50":{"start":{"line":51,"column":0},"end":{"line":51,"column":39}},"51":{"start":{"line":52,"column":0},"end":{"line":52,"column":10}},"52":{"start":{"line":53,"column":0},"end":{"line":53,"column":7}},"53":{"start":{"line":54,"column":0},"end":{"line":54,"column":9}},"55":{"start":{"line":56,"column":0},"end":{"line":56,"column":10}},"56":{"start":{"line":57,"column":0},"end":{"line":57,"column":15}},"57":{"start":{"line":58,"column":0},"end":{"line":58,"column":16}},"58":{"start":{"line":59,"column":0},"end":{"line":59,"column":15}},"59":{"start":{"line":60,"column":0},"end":{"line":60,"column":31}},"60":{"start":{"line":61,"column":0},"end":{"line":61,"column":47}},"61":{"start":{"line":62,"column":0},"end":{"line":62,"column":45}},"62":{"start":{"line":63,"column":0},"end":{"line":63,"column":43}},"63":{"start":{"line":64,"column":0},"end":{"line":64,"column":86}},"64":{"start":{"line":65,"column":0},"end":{"line":65,"column":11}},"65":{"start":{"line":66,"column":0},"end":{"line":66,"column":28}},"66":{"start":{"line":67,"column":0},"end":{"line":67,"column":73}},"67":{"start":{"line":68,"column":0},"end":{"line":68,"column":23}},"68":{"start":{"line":69,"column":0},"end":{"line":69,"column":27}},"69":{"start":{"line":70,"column":0},"end":{"line":70,"column":29}},"70":{"start":{"line":71,"column":0},"end":{"line":71,"column":20}},"71":{"start":{"line":72,"column":0},"end":{"line":72,"column":8}},"72":{"start":{"line":73,"column":0},"end":{"line":73,"column":6}},"74":{"start":{"line":75,"column":0},"end":{"line":75,"column":2}},"81":{"start":{"line":82,"column":0},"end":{"line":82,"column":76}},"82":{"start":{"line":83,"column":0},"end":{"line":83,"column":27}},"83":{"start":{"line":84,"column":0},"end":{"line":84,"column":63}},"84":{"start":{"line":85,"column":0},"end":{"line":85,"column":77}},"85":{"start":{"line":86,"column":0},"end":{"line":86,"column":60}},"88":{"start":{"line":89,"column":0},"end":{"line":89,"column":36}},"89":{"start":{"line":90,"column":0},"end":{"line":90,"column":47}},"90":{"start":{"line":91,"column":0},"end":{"line":91,"column":39}},"91":{"start":{"line":92,"column":0},"end":{"line":92,"column":64}},"92":{"start":{"line":93,"column":0},"end":{"line":93,"column":22}},"93":{"start":{"line":94,"column":0},"end":{"line":94,"column":17}},"94":{"start":{"line":95,"column":0},"end":{"line":95,"column":59}},"95":{"start":{"line":96,"column":0},"end":{"line":96,"column":8}},"96":{"start":{"line":97,"column":0},"end":{"line":97,"column":7}},"97":{"start":{"line":98,"column":0},"end":{"line":98,"column":15}},"98":{"start":{"line":99,"column":0},"end":{"line":99,"column":20}},"101":{"start":{"line":102,"column":0},"end":{"line":102,"column":42}},"102":{"start":{"line":103,"column":0},"end":{"line":103,"column":35}},"103":{"start":{"line":104,"column":0},"end":{"line":104,"column":54}},"104":{"start":{"line":105,"column":0},"end":{"line":105,"column":31}},"105":{"start":{"line":106,"column":0},"end":{"line":106,"column":33}},"107":{"start":{"line":108,"column":0},"end":{"line":108,"column":44}},"108":{"start":{"line":109,"column":0},"end":{"line":109,"column":46}},"109":{"start":{"line":110,"column":0},"end":{"line":110,"column":40}},"110":{"start":{"line":111,"column":0},"end":{"line":111,"column":18}},"111":{"start":{"line":112,"column":0},"end":{"line":112,"column":28}},"112":{"start":{"line":113,"column":0},"end":{"line":113,"column":26}},"113":{"start":{"line":114,"column":0},"end":{"line":114,"column":5}},"114":{"start":{"line":115,"column":0},"end":{"line":115,"column":4}},"116":{"start":{"line":117,"column":0},"end":{"line":117,"column":35}},"117":{"start":{"line":118,"column":0},"end":{"line":118,"column":25}},"118":{"start":{"line":119,"column":0},"end":{"line":119,"column":26}},"119":{"start":{"line":120,"column":0},"end":{"line":120,"column":4}},"122":{"start":{"line":123,"column":0},"end":{"line":123,"column":24}},"123":{"start":{"line":124,"column":0},"end":{"line":124,"column":39}},"125":{"start":{"line":126,"column":0},"end":{"line":126,"column":10}},"126":{"start":{"line":127,"column":0},"end":{"line":127,"column":77}},"127":{"start":{"line":128,"column":0},"end":{"line":128,"column":27}},"128":{"start":{"line":129,"column":0},"end":{"line":129,"column":34}},"129":{"start":{"line":130,"column":0},"end":{"line":130,"column":64}},"131":{"start":{"line":132,"column":0},"end":{"line":132,"column":21}},"132":{"start":{"line":133,"column":0},"end":{"line":133,"column":30}},"133":{"start":{"line":134,"column":0},"end":{"line":134,"column":69}},"134":{"start":{"line":135,"column":0},"end":{"line":135,"column":25}},"135":{"start":{"line":136,"column":0},"end":{"line":136,"column":27}},"136":{"start":{"line":137,"column":0},"end":{"line":137,"column":18}},"137":{"start":{"line":138,"column":0},"end":{"line":138,"column":29}},"138":{"start":{"line":139,"column":0},"end":{"line":139,"column":12}},"139":{"start":{"line":140,"column":0},"end":{"line":140,"column":22}},"140":{"start":{"line":141,"column":0},"end":{"line":141,"column":34}},"141":{"start":{"line":142,"column":0},"end":{"line":142,"column":66}},"142":{"start":{"line":143,"column":0},"end":{"line":143,"column":50}},"143":{"start":{"line":144,"column":0},"end":{"line":144,"column":22}},"144":{"start":{"line":145,"column":0},"end":{"line":145,"column":37}},"145":{"start":{"line":146,"column":0},"end":{"line":146,"column":36}},"146":{"start":{"line":147,"column":0},"end":{"line":147,"column":71}},"147":{"start":{"line":148,"column":0},"end":{"line":148,"column":30}},"148":{"start":{"line":149,"column":0},"end":{"line":149,"column":23}},"149":{"start":{"line":150,"column":0},"end":{"line":150,"column":14}},"150":{"start":{"line":151,"column":0},"end":{"line":151,"column":12}},"151":{"start":{"line":152,"column":0},"end":{"line":152,"column":30}},"152":{"start":{"line":153,"column":0},"end":{"line":153,"column":58}},"153":{"start":{"line":154,"column":0},"end":{"line":154,"column":10}},"154":{"start":{"line":155,"column":0},"end":{"line":155,"column":29}},"157":{"start":{"line":158,"column":0},"end":{"line":158,"column":26}},"158":{"start":{"line":159,"column":0},"end":{"line":159,"column":31}},"159":{"start":{"line":160,"column":0},"end":{"line":160,"column":45}},"160":{"start":{"line":161,"column":0},"end":{"line":161,"column":27}},"161":{"start":{"line":162,"column":0},"end":{"line":162,"column":35}},"162":{"start":{"line":163,"column":0},"end":{"line":163,"column":61}},"163":{"start":{"line":164,"column":0},"end":{"line":164,"column":27}},"164":{"start":{"line":165,"column":0},"end":{"line":165,"column":63}},"165":{"start":{"line":166,"column":0},"end":{"line":166,"column":8}},"166":{"start":{"line":167,"column":0},"end":{"line":167,"column":10}},"168":{"start":{"line":169,"column":0},"end":{"line":169,"column":2}},"170":{"start":{"line":171,"column":0},"end":{"line":171,"column":30}},"172":{"start":{"line":173,"column":0},"end":{"line":173,"column":16}},"173":{"start":{"line":174,"column":0},"end":{"line":174,"column":14}},"174":{"start":{"line":175,"column":0},"end":{"line":175,"column":18}},"175":{"start":{"line":176,"column":0},"end":{"line":176,"column":20}},"176":{"start":{"line":177,"column":0},"end":{"line":177,"column":37}},"177":{"start":{"line":178,"column":0},"end":{"line":178,"column":25}},"178":{"start":{"line":179,"column":0},"end":{"line":179,"column":4}},"179":{"start":{"line":180,"column":0},"end":{"line":180,"column":13}},"180":{"start":{"line":181,"column":0},"end":{"line":181,"column":18}},"181":{"start":{"line":182,"column":0},"end":{"line":182,"column":22}},"182":{"start":{"line":183,"column":0},"end":{"line":183,"column":4}},"183":{"start":{"line":184,"column":0},"end":{"line":184,"column":2}},"185":{"start":{"line":186,"column":0},"end":{"line":186,"column":38}},"186":{"start":{"line":187,"column":0},"end":{"line":187,"column":41}},"187":{"start":{"line":188,"column":0},"end":{"line":188,"column":64}},"188":{"start":{"line":189,"column":0},"end":{"line":189,"column":48}},"189":{"start":{"line":190,"column":0},"end":{"line":190,"column":37}},"190":{"start":{"line":191,"column":0},"end":{"line":191,"column":63}},"191":{"start":{"line":192,"column":0},"end":{"line":192,"column":2}}},"s":{"0":1,"1":1,"2":1,"3":1,"4":1,"5":1,"7":1,"9":1,"10":1,"32":1,"33":1190,"34":1190,"35":1190,"36":1190,"37":1190,"38":1190,"39":1190,"40":1190,"41":1190,"42":1190,"43":1190,"46":1190,"47":195,"48":195,"49":195,"50":195,"51":195,"52":195,"53":995,"55":1190,"56":1190,"57":1190,"58":1190,"59":1190,"60":1190,"61":1190,"62":1190,"63":1190,"64":1190,"65":1190,"66":1190,"67":1190,"68":1190,"69":1190,"70":1190,"71":1190,"72":1190,"74":1190,"81":1,"82":24,"83":24,"84":24,"85":24,"88":24,"89":19,"90":19,"91":97,"92":97,"93":97,"94":97,"95":97,"96":19,"97":19,"98":24,"101":24,"102":24,"103":5,"104":5,"105":24,"107":24,"108":5,"109":5,"110":5,"111":4,"112":4,"113":4,"114":5,"116":24,"117":1,"118":1,"119":1,"122":24,"123":24,"125":24,"126":24,"127":24,"128":24,"129":24,"131":24,"132":24,"133":24,"134":24,"135":24,"136":24,"137":24,"138":24,"139":24,"140":24,"141":1190,"142":1190,"143":1190,"144":1190,"145":1190,"146":195,"147":995,"148":1190,"149":1190,"150":24,"151":24,"152":24,"153":24,"154":24,"157":24,"158":24,"159":24,"160":24,"161":24,"162":24,"163":24,"164":24,"165":24,"166":24,"168":24,"170":1,"172":1,"173":1,"174":1,"175":1,"176":1,"177":1,"178":1,"179":1,"180":1,"181":1,"182":1,"183":1,"185":1,"186":1,"187":1,"188":1,"189":1,"190":1,"191":1},"branchMap":{"0":{"type":"branch","line":33,"loc":{"start":{"line":33,"column":20},"end":{"line":75,"column":2}},"locations":[{"start":{"line":33,"column":20},"end":{"line":75,"column":2}}]},"1":{"type":"branch","line":47,"loc":{"start":{"line":47,"column":19},"end":{"line":53,"column":7}},"locations":[{"start":{"line":47,"column":19},"end":{"line":53,"column":7}}]},"2":{"type":"branch","line":53,"loc":{"start":{"line":53,"column":6},"end":{"line":54,"column":9}},"locations":[{"start":{"line":53,"column":6},"end":{"line":54,"column":9}}]},"3":{"type":"branch","line":67,"loc":{"start":{"line":67,"column":29},"end":{"line":67,"column":70}},"locations":[{"start":{"line":67,"column":29},"end":{"line":67,"column":70}}]},"4":{"type":"branch","line":82,"loc":{"start":{"line":82,"column":23},"end":{"line":169,"column":2}},"locations":[{"start":{"line":82,"column":23},"end":{"line":169,"column":2}}]},"5":{"type":"branch","line":163,"loc":{"start":{"line":163,"column":26},"end":{"line":163,"column":56}},"locations":[{"start":{"line":163,"column":26},"end":{"line":163,"column":56}}]},"6":{"type":"branch","line":163,"loc":{"start":{"line":163,"column":44},"end":{"line":163,"column":61}},"locations":[{"start":{"line":163,"column":44},"end":{"line":163,"column":61}}]},"7":{"type":"branch","line":89,"loc":{"start":{"line":89,"column":29},"end":{"line":99,"column":5}},"locations":[{"start":{"line":89,"column":29},"end":{"line":99,"column":5}}]},"8":{"type":"branch","line":91,"loc":{"start":{"line":91,"column":24},"end":{"line":97,"column":5}},"locations":[{"start":{"line":91,"column":24},"end":{"line":97,"column":5}}]},"9":{"type":"branch","line":95,"loc":{"start":{"line":95,"column":42},"end":{"line":95,"column":57}},"locations":[{"start":{"line":95,"column":42},"end":{"line":95,"column":57}}]},"10":{"type":"branch","line":102,"loc":{"start":{"line":102,"column":35},"end":{"line":106,"column":5}},"locations":[{"start":{"line":102,"column":35},"end":{"line":106,"column":5}}]},"11":{"type":"branch","line":103,"loc":{"start":{"line":103,"column":23},"end":{"line":103,"column":35}},"locations":[{"start":{"line":103,"column":23},"end":{"line":103,"column":35}}]},"12":{"type":"branch","line":103,"loc":{"start":{"line":103,"column":30},"end":{"line":105,"column":31}},"locations":[{"start":{"line":103,"column":30},"end":{"line":105,"column":31}}]},"13":{"type":"branch","line":108,"loc":{"start":{"line":108,"column":26},"end":{"line":115,"column":4}},"locations":[{"start":{"line":108,"column":26},"end":{"line":115,"column":4}}]},"14":{"type":"branch","line":111,"loc":{"start":{"line":111,"column":17},"end":{"line":114,"column":5}},"locations":[{"start":{"line":111,"column":17},"end":{"line":114,"column":5}}]},"15":{"type":"branch","line":117,"loc":{"start":{"line":117,"column":28},"end":{"line":120,"column":4}},"locations":[{"start":{"line":117,"column":28},"end":{"line":120,"column":4}}]},"16":{"type":"branch","line":134,"loc":{"start":{"line":134,"column":20},"end":{"line":134,"column":69}},"locations":[{"start":{"line":134,"column":20},"end":{"line":134,"column":69}}]},"17":{"type":"branch","line":141,"loc":{"start":{"line":141,"column":17},"end":{"line":150,"column":14}},"locations":[{"start":{"line":141,"column":17},"end":{"line":150,"column":14}}]},"18":{"type":"branch","line":146,"loc":{"start":{"line":146,"column":29},"end":{"line":147,"column":71}},"locations":[{"start":{"line":146,"column":29},"end":{"line":147,"column":71}}]},"19":{"type":"branch","line":147,"loc":{"start":{"line":147,"column":55},"end":{"line":147,"column":70}},"locations":[{"start":{"line":147,"column":55},"end":{"line":147,"column":70}}]},"20":{"type":"branch","line":147,"loc":{"start":{"line":147,"column":70},"end":{"line":148,"column":30}},"locations":[{"start":{"line":147,"column":70},"end":{"line":148,"column":30}}]}},"b":{"0":[1190],"1":[195],"2":[995],"3":[995],"4":[24],"5":[5],"6":[19],"7":[19],"8":[97],"9":[95],"10":[24],"11":[19],"12":[5],"13":[5],"14":[4],"15":[1],"16":[5],"17":[1190],"18":[195],"19":[193],"20":[995]},"fnMap":{"0":{"name":"CalendarDay","decl":{"start":{"line":33,"column":20},"end":{"line":75,"column":2}},"loc":{"start":{"line":33,"column":20},"end":{"line":75,"column":2}},"line":33},"1":{"name":"PicnicCalendar","decl":{"start":{"line":82,"column":23},"end":{"line":169,"column":2}},"loc":{"start":{"line":82,"column":23},"end":{"line":169,"column":2}},"line":82},"2":{"name":"handleDateClick","decl":{"start":{"line":108,"column":26},"end":{"line":115,"column":4}},"loc":{"start":{"line":108,"column":26},"end":{"line":115,"column":4}},"line":108},"3":{"name":"handleCloseDialog","decl":{"start":{"line":117,"column":28},"end":{"line":120,"column":4}},"loc":{"start":{"line":117,"column":28},"end":{"line":120,"column":4}},"line":117},"4":{"name":"onChange","decl":{"start":{"line":134,"column":20},"end":{"line":134,"column":69}},"loc":{"start":{"line":134,"column":20},"end":{"line":134,"column":69}},"line":134},"5":{"name":"day","decl":{"start":{"line":141,"column":17},"end":{"line":150,"column":14}},"loc":{"start":{"line":141,"column":17},"end":{"line":150,"column":14}},"line":141}},"f":{"0":1190,"1":24,"2":5,"3":1,"4":5,"5":1190}}
,"/Users/blakedestasio/Code/demos/picnic-planner/Client/src/components/PicnicSuitabilityIndicator.tsx": {"path":"/Users/blakedestasio/Code/demos/picnic-planner/Client/src/components/PicnicSuitabilityIndicator.tsx","all":false,"statementMap":{"0":{"start":{"line":1,"column":0},"end":{"line":1,"column":8}},"13":{"start":{"line":14,"column":0},"end":{"line":14,"column":60}},"14":{"start":{"line":15,"column":0},"end":{"line":15,"column":62}},"15":{"start":{"line":16,"column":0},"end":{"line":16,"column":54}},"16":{"start":{"line":17,"column":0},"end":{"line":17,"column":52}},"17":{"start":{"line":18,"column":0},"end":{"line":18,"column":48}},"18":{"start":{"line":19,"column":0},"end":{"line":19,"column":61}},"26":{"start":{"line":27,"column":0},"end":{"line":27,"column":37}},"27":{"start":{"line":28,"column":0},"end":{"line":28,"column":12}},"28":{"start":{"line":29,"column":0},"end":{"line":29,"column":22}},"29":{"start":{"line":30,"column":0},"end":{"line":30,"column":14}},"30":{"start":{"line":31,"column":0},"end":{"line":31,"column":27}},"33":{"start":{"line":34,"column":0},"end":{"line":34,"column":45}},"34":{"start":{"line":35,"column":0},"end":{"line":35,"column":34}},"35":{"start":{"line":36,"column":0},"end":{"line":36,"column":19}},"36":{"start":{"line":37,"column":0},"end":{"line":37,"column":35}},"37":{"start":{"line":38,"column":0},"end":{"line":38,"column":18}},"38":{"start":{"line":39,"column":0},"end":{"line":39,"column":31}},"39":{"start":{"line":40,"column":0},"end":{"line":40,"column":18}},"40":{"start":{"line":41,"column":0},"end":{"line":41,"column":30}},"41":{"start":{"line":42,"column":0},"end":{"line":42,"column":14}},"42":{"start":{"line":43,"column":0},"end":{"line":43,"column":28}},"43":{"start":{"line":44,"column":0},"end":{"line":44,"column":5}},"44":{"start":{"line":45,"column":0},"end":{"line":45,"column":4}},"46":{"start":{"line":47,"column":0},"end":{"line":47,"column":57}},"47":{"start":{"line":48,"column":0},"end":{"line":48,"column":29}},"48":{"start":{"line":49,"column":0},"end":{"line":49,"column":4}},"50":{"start":{"line":51,"column":0},"end":{"line":51,"column":10}},"51":{"start":{"line":52,"column":0},"end":{"line":52,"column":31}},"52":{"start":{"line":53,"column":0},"end":{"line":53,"column":36}},"53":{"start":{"line":54,"column":0},"end":{"line":54,"column":13}},"54":{"start":{"line":55,"column":0},"end":{"line":55,"column":40}},"55":{"start":{"line":56,"column":0},"end":{"line":56,"column":53}},"56":{"start":{"line":57,"column":0},"end":{"line":57,"column":22}},"57":{"start":{"line":58,"column":0},"end":{"line":58,"column":15}},"58":{"start":{"line":59,"column":0},"end":{"line":59,"column":27}},"59":{"start":{"line":60,"column":0},"end":{"line":60,"column":63}},"60":{"start":{"line":61,"column":0},"end":{"line":61,"column":12}},"61":{"start":{"line":62,"column":0},"end":{"line":62,"column":10}},"62":{"start":{"line":63,"column":0},"end":{"line":63,"column":60}},"63":{"start":{"line":64,"column":0},"end":{"line":64,"column":36}},"64":{"start":{"line":65,"column":0},"end":{"line":65,"column":21}},"65":{"start":{"line":66,"column":0},"end":{"line":66,"column":12}},"67":{"start":{"line":68,"column":0},"end":{"line":68,"column":76}},"68":{"start":{"line":69,"column":0},"end":{"line":69,"column":41}},"69":{"start":{"line":70,"column":0},"end":{"line":70,"column":27}},"70":{"start":{"line":71,"column":0},"end":{"line":71,"column":43}},"71":{"start":{"line":72,"column":0},"end":{"line":72,"column":40}},"73":{"start":{"line":74,"column":0},"end":{"line":74,"column":65}},"75":{"start":{"line":76,"column":0},"end":{"line":76,"column":25}},"76":{"start":{"line":77,"column":0},"end":{"line":77,"column":29}},"77":{"start":{"line":78,"column":0},"end":{"line":78,"column":28}},"78":{"start":{"line":79,"column":0},"end":{"line":79,"column":24}},"79":{"start":{"line":80,"column":0},"end":{"line":80,"column":57}},"80":{"start":{"line":81,"column":0},"end":{"line":81,"column":59}},"81":{"start":{"line":82,"column":0},"end":{"line":82,"column":57}},"82":{"start":{"line":83,"column":0},"end":{"line":83,"column":24}},"83":{"start":{"line":84,"column":0},"end":{"line":84,"column":27}},"84":{"start":{"line":85,"column":0},"end":{"line":85,"column":41}},"85":{"start":{"line":86,"column":0},"end":{"line":86,"column":40}},"86":{"start":{"line":87,"column":0},"end":{"line":87,"column":37}},"87":{"start":{"line":88,"column":0},"end":{"line":88,"column":63}},"88":{"start":{"line":89,"column":0},"end":{"line":89,"column":52}},"89":{"start":{"line":90,"column":0},"end":{"line":90,"column":24}},"90":{"start":{"line":91,"column":0},"end":{"line":91,"column":22}},"91":{"start":{"line":92,"column":0},"end":{"line":92,"column":33}},"92":{"start":{"line":93,"column":0},"end":{"line":93,"column":51}},"93":{"start":{"line":94,"column":0},"end":{"line":94,"column":27}},"94":{"start":{"line":95,"column":0},"end":{"line":95,"column":17}},"95":{"start":{"line":96,"column":0},"end":{"line":96,"column":19}},"96":{"start":{"line":97,"column":0},"end":{"line":97,"column":29}},"97":{"start":{"line":98,"column":0},"end":{"line":98,"column":20}},"99":{"start":{"line":100,"column":0},"end":{"line":100,"column":10}},"101":{"start":{"line":102,"column":0},"end":{"line":102,"column":2}},"103":{"start":{"line":104,"column":0},"end":{"line":104,"column":42}},"105":{"start":{"line":106,"column":0},"end":{"line":106,"column":16}},"106":{"start":{"line":107,"column":0},"end":{"line":107,"column":14}},"107":{"start":{"line":108,"column":0},"end":{"line":108,"column":18}},"108":{"start":{"line":109,"column":0},"end":{"line":109,"column":4}},"109":{"start":{"line":110,"column":0},"end":{"line":110,"column":17}},"110":{"start":{"line":111,"column":0},"end":{"line":111,"column":20}},"111":{"start":{"line":112,"column":0},"end":{"line":112,"column":25}},"112":{"start":{"line":113,"column":0},"end":{"line":113,"column":29}},"113":{"start":{"line":114,"column":0},"end":{"line":114,"column":11}},"114":{"start":{"line":115,"column":0},"end":{"line":115,"column":4}},"115":{"start":{"line":116,"column":0},"end":{"line":116,"column":9}},"116":{"start":{"line":117,"column":0},"end":{"line":117,"column":19}},"117":{"start":{"line":118,"column":0},"end":{"line":118,"column":23}},"118":{"start":{"line":119,"column":0},"end":{"line":119,"column":24}},"119":{"start":{"line":120,"column":0},"end":{"line":120,"column":24}},"120":{"start":{"line":121,"column":0},"end":{"line":121,"column":21}},"121":{"start":{"line":122,"column":0},"end":{"line":122,"column":6}},"122":{"start":{"line":123,"column":0},"end":{"line":123,"column":4}},"123":{"start":{"line":124,"column":0},"end":{"line":124,"column":14}},"124":{"start":{"line":125,"column":0},"end":{"line":125,"column":28}},"125":{"start":{"line":126,"column":0},"end":{"line":126,"column":23}},"126":{"start":{"line":127,"column":0},"end":{"line":127,"column":24}},"127":{"start":{"line":128,"column":0},"end":{"line":128,"column":4}},"128":{"start":{"line":129,"column":0},"end":{"line":129,"column":14}},"129":{"start":{"line":130,"column":0},"end":{"line":130,"column":24}},"130":{"start":{"line":131,"column":0},"end":{"line":131,"column":10}},"131":{"start":{"line":132,"column":0},"end":{"line":132,"column":4}},"132":{"start":{"line":133,"column":0},"end":{"line":133,"column":21}},"133":{"start":{"line":134,"column":0},"end":{"line":134,"column":22}},"134":{"start":{"line":135,"column":0},"end":{"line":135,"column":39}},"135":{"start":{"line":136,"column":0},"end":{"line":136,"column":22}},"136":{"start":{"line":137,"column":0},"end":{"line":137,"column":6}},"137":{"start":{"line":138,"column":0},"end":{"line":138,"column":4}},"138":{"start":{"line":139,"column":0},"end":{"line":139,"column":13}},"139":{"start":{"line":140,"column":0},"end":{"line":140,"column":12}},"140":{"start":{"line":141,"column":0},"end":{"line":141,"column":10}},"141":{"start":{"line":142,"column":0},"end":{"line":142,"column":4}},"142":{"start":{"line":143,"column":0},"end":{"line":143,"column":17}},"143":{"start":{"line":144,"column":0},"end":{"line":144,"column":17}},"144":{"start":{"line":145,"column":0},"end":{"line":145,"column":4}},"145":{"start":{"line":146,"column":0},"end":{"line":146,"column":11}},"146":{"start":{"line":147,"column":0},"end":{"line":147,"column":13}},"147":{"start":{"line":148,"column":0},"end":{"line":148,"column":14}},"148":{"start":{"line":149,"column":0},"end":{"line":149,"column":24}},"149":{"start":{"line":150,"column":0},"end":{"line":150,"column":4}},"150":{"start":{"line":151,"column":0},"end":{"line":151,"column":2}}},"s":{"0":1,"13":1,"14":1,"15":1,"16":1,"17":1,"18":1,"26":1,"27":29,"28":29,"29":29,"30":29,"33":29,"34":29,"35":29,"36":21,"37":29,"38":2,"39":29,"40":3,"41":29,"42":3,"43":29,"44":29,"46":29,"47":29,"48":29,"50":29,"51":29,"52":29,"53":29,"54":29,"55":29,"56":29,"57":29,"58":29,"59":29,"60":29,"61":29,"62":29,"63":29,"64":29,"65":29,"67":29,"68":8,"69":8,"70":8,"71":8,"73":8,"75":8,"76":8,"77":8,"78":8,"79":8,"80":19,"81":19,"82":19,"83":19,"84":19,"85":19,"86":19,"87":8,"88":11,"89":19,"90":19,"91":19,"92":19,"93":19,"94":8,"95":8,"96":8,"97":8,"99":29,"101":29,"103":1,"105":1,"106":1,"107":1,"108":1,"109":1,"110":1,"111":1,"112":1,"113":1,"114":1,"115":1,"116":1,"117":1,"118":1,"119":1,"120":1,"121":1,"122":1,"123":1,"124":1,"125":1,"126":1,"127":1,"128":1,"129":1,"130":1,"131":1,"132":1,"133":1,"134":1,"135":1,"136":1,"137":1,"138":1,"139":1,"140":1,"141":1,"142":1,"143":1,"144":1,"145":1,"146":1,"147":1,"148":1,"149":1,"150":1},"branchMap":{"0":{"type":"branch","line":27,"loc":{"start":{"line":27,"column":35},"end":{"line":102,"column":2}},"locations":[{"start":{"line":27,"column":35},"end":{"line":102,"column":2}}]},"1":{"type":"branch","line":64,"loc":{"start":{"line":64,"column":21},"end":{"line":64,"column":32}},"locations":[{"start"
[...]
":0},"end":{"line":224,"column":37}},"224":{"start":{"line":225,"column":0},"end":{"line":225,"column":35}},"225":{"start":{"line":226,"column":0},"end":{"line":226,"column":50}},"226":{"start":{"line":227,"column":0},"end":{"line":227,"column":49}},"227":{"start":{"line":228,"column":0},"end":{"line":228,"column":30}},"228":{"start":{"line":229,"column":0},"end":{"line":229,"column":16}},"229":{"start":{"line":230,"column":0},"end":{"line":230,"column":20}},"230":{"start":{"line":231,"column":0},"end":{"line":231,"column":16}},"232":{"start":{"line":233,"column":0},"end":{"line":233,"column":22}},"233":{"start":{"line":234,"column":0},"end":{"line":234,"column":21}},"234":{"start":{"line":235,"column":0},"end":{"line":235,"column":15}},"235":{"start":{"line":236,"column":0},"end":{"line":236,"column":37}},"236":{"start":{"line":237,"column":0},"end":{"line":237,"column":25}},"237":{"start":{"line":238,"column":0},"end":{"line":238,"column":68}},"238":{"start":{"line":239,"column":0},"end":{"line":239,"column":9}},"240":{"start":{"line":241,"column":0},"end":{"line":241,"column":17}},"241":{"start":{"line":242,"column":0},"end":{"line":242,"column":22}},"242":{"start":{"line":243,"column":0},"end":{"line":243,"column":13}},"244":{"start":{"line":245,"column":0},"end":{"line":245,"column":2}},"246":{"start":{"line":247,"column":0},"end":{"line":247,"column":16}},"247":{"start":{"line":248,"column":0},"end":{"line":248,"column":16}},"248":{"start":{"line":249,"column":0},"end":{"line":249,"column":20}},"249":{"start":{"line":250,"column":0},"end":{"line":250,"column":36}},"250":{"start":{"line":251,"column":0},"end":{"line":251,"column":25}},"251":{"start":{"line":252,"column":0},"end":{"line":252,"column":10}},"252":{"start":{"line":253,"column":0},"end":{"line":253,"column":4}},"253":{"start":{"line":254,"column":0},"end":{"line":254,"column":20}},"254":{"start":{"line":255,"column":0},"end":{"line":255,"column":9}},"255":{"start":{"line":256,"column":0},"end":{"line":256,"column":20}},"256":{"start":{"line":257,"column":0},"end":{"line":257,"column":4}},"257":{"start":{"line":258,"column":0},"end":{"line":258,"column":16}},"258":{"start":{"line":259,"column":0},"end":{"line":259,"column":9}},"259":{"start":{"line":260,"column":0},"end":{"line":260,"column":20}},"260":{"start":{"line":261,"column":0},"end":{"line":261,"column":4}},"261":{"start":{"line":262,"column":0},"end":{"line":262,"column":19}},"262":{"start":{"line":263,"column":0},"end":{"line":263,"column":9}},"263":{"start":{"line":264,"column":0},"end":{"line":264,"column":20}},"264":{"start":{"line":265,"column":0},"end":{"line":265,"column":4}},"265":{"start":{"line":266,"column":0},"end":{"line":266,"column":16}},"266":{"start":{"line":267,"column":0},"end":{"line":267,"column":20}},"267":{"start":{"line":268,"column":0},"end":{"line":268,"column":25}},"268":{"start":{"line":269,"column":0},"end":{"line":269,"column":11}},"269":{"start":{"line":270,"column":0},"end":{"line":270,"column":4}},"270":{"start":{"line":271,"column":0},"end":{"line":271,"column":2}},"272":{"start":{"line":273,"column":0},"end":{"line":273,"column":43}},"273":{"start":{"line":274,"column":0},"end":{"line":274,"column":34}},"274":{"start":{"line":275,"column":0},"end":{"line":275,"column":45}},"275":{"start":{"line":276,"column":0},"end":{"line":276,"column":57}},"276":{"start":{"line":277,"column":0},"end":{"line":277,"column":49}},"277":{"start":{"line":278,"column":0},"end":{"line":278,"column":55}},"278":{"start":{"line":279,"column":0},"end":{"line":279,"column":45}},"279":{"start":{"line":280,"column":0},"end":{"line":280,"column":53}},"280":{"start":{"line":281,"column":0},"end":{"line":281,"column":45}},"281":{"start":{"line":282,"column":0},"end":{"line":282,"column":51}},"282":{"start":{"line":283,"column":0},"end":{"line":283,"column":53}},"283":{"start":{"line":284,"column":0},"end":{"line":284,"column":57}},"284":{"start":{"line":285,"column":0},"end":{"line":285,"column":50}},"285":{"start":{"line":286,"column":0},"end":{"line":286,"column":47}},"286":{"start":{"line":287,"column":0},"end":{"line":287,"column":58}},"287":{"start":{"line":288,"column":0},"end":{"line":288,"column":2}}},"s":{"0":1,"14":1,"15":1,"16":1,"17":1,"18":1,"19":1,"20":1,"22":1,"24":1,"25":1,"41":1,"42":14,"43":14,"44":14,"45":14,"46":14,"47":14,"48":14,"49":14,"50":14,"51":14,"53":14,"54":1,"55":1,"56":1,"57":1,"58":1,"59":1,"60":1,"62":14,"63":14,"64":14,"65":14,"66":14,"67":14,"68":14,"69":14,"71":14,"72":14,"73":14,"75":14,"76":14,"77":14,"78":14,"81":14,"82":14,"83":14,"84":14,"85":14,"86":14,"87":14,"88":14,"89":14,"91":14,"92":14,"93":14,"94":14,"95":14,"97":14,"98":14,"99":14,"100":14,"101":14,"102":14,"104":14,"105":14,"106":14,"107":14,"109":14,"110":14,"111":14,"112":14,"114":14,"115":14,"116":14,"117":14,"118":14,"119":13,"121":13,"122":13,"123":13,"124":13,"126":13,"128":13,"129":13,"130":13,"131":13,"132":13,"133":13,"136":13,"137":13,"138":13,"139":13,"141":13,"143":13,"144":13,"145":13,"146":13,"147":13,"148":13,"149":13,"151":13,"152":13,"153":13,"155":13,"156":13,"157":13,"159":13,"160":13,"161":13,"162":13,"163":13,"164":13,"165":13,"166":13,"167":13,"168":13,"169":13,"170":13,"171":13,"173":13,"174":13,"175":13,"177":13,"178":13,"179":13,"180":13,"181":13,"182":13,"183":13,"184":13,"185":13,"187":13,"188":13,"189":13,"191":13,"192":13,"193":13,"194":13,"195":13,"196":13,"197":13,"198":13,"199":13,"201":13,"202":13,"203":13,"205":13,"206":13,"207":13,"208":13,"209":13,"210":13,"211":13,"212":13,"215":13,"216":13,"217":13,"218":13,"220":13,"222":13,"223":13,"224":13,"225":13,"226":13,"227":13,"228":13,"229":13,"230":13,"232":14,"233":14,"234":14,"235":14,"236":14,"237":14,"238":14,"240":14,"241":14,"242":14,"244":14,"246":1,"247":1,"248":1,"249":1,"250":1,"251":1,"252":1,"253":1,"254":1,"255":1,"256":1,"257":1,"258":1,"259":1,"260":1,"261":1,"262":1,"263":1,"264":1,"265":1,"266":1,"267":1,"268":1,"269":1,"270":1,"272":1,"273":1,"274":1,"275":1,"276":1,"277":1,"278":1,"279":1,"280":1,"281":1,"282":1,"283":1,"284":1,"285":1,"286":1,"287":1},"branchMap":{"0":{"type":"branch","line":42,"loc":{"start":{"line":42,"column":35},"end":{"line":245,"column":2}},"locations":[{"start":{"line":42,"column":35},"end":{"line":245,"column":2}}]},"1":{"type":"branch","line":119,"loc":{"start":{"line":119,"column":9},"end":{"line":231,"column":16}},"locations":[{"start":{"line":119,"column":9},"end":{"line":231,"column":16}}]},"2":{"type":"branch","line":180,"loc":{"start":{"line":180,"column":40},"end":{"line":180,"column":65}},"locations":[{"start":{"line":180,"column":40},"end":{"line":180,"column":65}}]},"3":{"type":"branch","line":194,"loc":{"start":{"line":194,"column":40},"end":{"line":194,"column":55}},"locations":[{"start":{"line":194,"column":40},"end":{"line":194,"column":55}}]},"4":{"type":"branch","line":208,"loc":{"start":{"line":208,"column":40},"end":{"line":208,"column":54}},"locations":[{"start":{"line":208,"column":40},"end":{"line":208,"column":54}}]},"5":{"type":"branch","line":226,"loc":{"start":{"line":226,"column":39},"end":{"line":226,"column":50}},"locations":[{"start":{"line":226,"column":39},"end":{"line":226,"column":50}}]},"6":{"type":"branch","line":54,"loc":{"start":{"line":54,"column":38},"end":{"line":61,"column":4}},"locations":[{"start":{"line":54,"column":38},"end":{"line":61,"column":4}}]}},"b":{"0":[14],"1":[13],"2":[1],"3":[1],"4":[1],"5":[0],"6":[1]},"fnMap":{"0":{"name":"WeatherDetailDialog","decl":{"start":{"line":42,"column":35},"end":{"line":245,"column":2}},"loc":{"start":{"line":42,"column":35},"end":{"line":245,"column":2}},"line":42},"1":{"name":"handleTemperatureUnitChange","decl":{"start":{"line":54,"column":38},"end":{"line":61,"column":4}},"loc":{"start":{"line":54,"column":38},"end":{"line":61,"column":4}},"line":54}},"f":{"0":14,"1":1}}
,"/Users/blakedestasio/Code/demos/picnic-planner/Client/src/types/index.ts": {"path":"/Users/blakedestasio/Code/demos/picnic-planner/Client/src/types/index.ts","all":false,"statementMap":{"8":{"start":{"line":9,"column":0},"end":{"line":9,"column":25}},"11":{"start":{"line":12,"column":0},"end":{"line":12,"column":28}}},"s":{"8":1,"11":1},"branchMap":{},"b":{},"fnMap":{},"f":{}}
,"/Users/blakedestasio/Code/demos/picnic-planner/Client/src/types/custom/index.ts": {"path":"/Users/blakedestasio/Code/demos/picnic-planner/Client/src/types/custom/index.ts","all":false,"statementMap":{"5":{"start":{"line":6,"column":0},"end":{"line":6,"column":26}}},"s":{"5":1},"branchMap":{},"b":{},"fnMap":{},"f":{}}
,"/Users/blakedestasio/Code/demos/picnic-planner/Client/src/types/custom/weather.ts": {"path":"/Users/blakedestasio/Code/demos/picnic-planner/Client/src/types/custom/weather.ts","all":false,"statementMap":{"5":{"start":{"line":6,"column":0},"end":{"line":6,"column":30}},"6":{"start":{"line":7,"column":0},"end":{"line":7,"column":22}},"7":{"start":{"line":8,"column":0},"end":{"line":8,"column":28}},"42":{"start":{"line":43,"column":0},"end":{"line":43,"column":33}},"43":{"start":{"line":44,"column":0},"end":{"line":44,"column":30}},"44":{"start":{"line":45,"column":0},"end":{"line":45,"column":33}},"45":{"start":{"line":46,"column":0},"end":{"line":46,"column":28}},"46":{"start":{"line":47,"column":0},"end":{"line":47,"column":29}},"47":{"start":{"line":48,"column":0},"end":{"line":48,"column":11}}},"s":{"5":1,"6":1,"7":1,"42":1,"43":1,"44":1,"45":1,"46":1,"47":1},"branchMap":{"0":{"type":"branch","line":6,"loc":{"start":{"line":6,"column":7},"end":{"line":6,"column":30}},"locations":[{"start":{"line":6,"column":7},"end":{"line":6,"column":30}}]}},"b":{"0":[5]},"fnMap":{},"f":{}}
,"/Users/blakedestasio/Code/demos/picnic-planner/Client/src/utils/conditionColors.ts": {"path":"/Users/blakedestasio/Code/demos/picnic-planner/Client/src/utils/conditionColors.ts","all":false,"statementMap":{"0":{"start":{"line":1,"column":0},"end":{"line":1,"column":86}},"7":{"start":{"line":8,"column":0},"end":{"line":8,"column":68}},"8":{"start":{"line":9,"column":0},"end":{"line":9,"column":68}},"10":{"start":{"line":11,"column":0},"end":{"line":11,"column":26}},"11":{"start":{"line":12,"column":0},"end":{"line":12,"column":17}},"12":{"start":{"line":13,"column":0},"end":{"line":13,"column":36}},"13":{"start":{"line":14,"column":0},"end":{"line":14,"column":16}},"14":{"start":{"line":15,"column":0},"end":{"line":15,"column":35}},"15":{"start":{"line":16,"column":0},"end":{"line":16,"column":16}},"16":{"start":{"line":17,"column":0},"end":{"line":17,"column":35}},"17":{"start":{"line":18,"column":0},"end":{"line":18,"column":12}},"18":{"start":{"line":19,"column":0},"end":{"line":19,"column":38}},"19":{"start":{"line":20,"column":0},"end":{"line":20,"column":3}},"20":{"start":{"line":21,"column":0},"end":{"line":21,"column":2}}},"s":{"0":1,"7":1,"8":19,"10":19,"11":19,"12":4,"13":19,"14":4,"15":19,"16":4,"17":19,"18":7,"19":19,"20":19},"branchMap":{"0":{"type":"branch","line":8,"loc":{"start":{"line":8,"column":33},"end":{"line":21,"column":2}},"locations":[{"start":{"line":8,"column":33},"end":{"line":21,"column":2}}]},"1":{"type":"branch","line":9,"loc":{"start":{"line":9,"column":24},"end":{"line":9,"column":42}},"locations":[{"start":{"line":9,"column":24},"end":{"line":9,"column":42}}]},"2":{"type":"branch","line":12,"loc":{"start":{"line":12,"column":4},"end":{"line":13,"column":36}},"locations":[{"start":{"line":12,"column":4},"end":{"line":13,"column":36}}]},"3":{"type":"branch","line":14,"loc":{"start":{"line":14,"column":4},"end":{"line":15,"column":35}},"locations":[{"start":{"line":14,"column":4},"end":{"line":15,"column":35}}]},"4":{"type":"branch","line":16,"loc":{"start":{"line":16,"column":4},"end":{"line":17,"column":35}},"locations":[{"start":{"line":16,"column":4},"end":{"line":17,"column":35}}]},"5":{"type":"branch","line":18,"loc":{"start":{"line":18,"column":4},"end":{"line":19,"column":38}},"locations":[{"start":{"line":18,"column":4},"end":{"line":19,"column":38}}]}},"b":{"0":[19],"1":[17],"2":[4],"3":[4],"4":[4],"5":[7]},"fnMap":{"0":{"name":"getConditionColor","decl":{"start":{"line":8,"column":33},"end":{"line":21,"column":2}},"loc":{"start":{"line":8,"column":33},"end":{"line":21,"column":2}},"line":8}},"f":{"0":19}}
,"/Users/blakedestasio/Code/demos/picnic-planner/Client/src/utils/temperatureConverter.ts": {"path":"/Users/blakedestasio/Code/demos/picnic-planner/Client/src/utils/temperatureConverter.ts","all":false,"statementMap":{"0":{"start":{"line":1,"column":0},"end":{"line":1,"column":66}},"2":{"start":{"line":3,"column":0},"end":{"line":3,"column":35}},"3":{"start":{"line":4,"column":0},"end":{"line":4,"column":30}},"4":{"start":{"line":5,"column":0},"end":{"line":5,"column":23}},"5":{"start":{"line":6,"column":0},"end":{"line":6,"column":14}},"6":{"start":{"line":7,"column":0},"end":{"line":7,"column":42}},"8":{"start":{"line":9,"column":0},"end":{"line":9,"column":30}},"9":{"start":{"line":10,"column":0},"end":{"line":10,"column":46}},"10":{"start":{"line":11,"column":0},"end":{"line":11,"column":40}},"11":{"start":{"line":12,"column":0},"end":{"line":12,"column":3}},"12":{"start":{"line":13,"column":0},"end":{"line":13,"column":24}},"13":{"start":{"line":14,"column":0},"end":{"line":14,"column":3}},"19":{"start":{"line":20,"column":0},"end":{"line":20,"column":35}},"20":{"start":{"line":21,"column":0},"end":{"line":21,"column":37}},"21":{"start":{"line":22,"column":0},"end":{"line":22,"column":23}},"22":{"start":{"line":23,"column":0},"end":{"line":23,"column":14}},"23":{"start":{"line":24,"column":0},"end":{"line":24,"column":61}},"25":{"start":{"line":26,"column":0},"end":{"line":26,"column":30}},"26":{"start":{"line":27,"column":0},"end":{"line":27,"column":46}},"27":{"start":{"line":28,"column":0},"end":{"line":28,"column":40}},"28":{"start":{"line":29,"column":0},"end":{"line":29,"column":3}},"29":{"start":{"line":30,"column":0},"end":{"line":30,"column":35}},"30":{"start":{"line":31,"column":0},"end":{"line":31,"column":2}},"35":{"start":{"line":36,"column":0},"end":{"line":36,"column":40}},"36":{"start":{"line":37,"column":0},"end":{"line":37,"column":40}},"37":{"start":{"line":38,"column":0},"end":{"line":38,"column":40}},"38":{"start":{"line":39,"column":0},"end":{"line":39,"column":23}},"39":{"start":{"line":40,"column":0},"end":{"line":40,"column":14}},"40":{"start":{"line":41,"column":0},"end":{"line":41,"column":55}},"41":{"start":{"line":42,"column":0},"end":{"line":42,"column":55}},"42":{"start":{"line":43,"column":0},"end":{"line":43,"column":35}},"43":{"start":{"line":44,"column":0},"end":{"line":44,"column":2}},"51":{"start":{"line":52,"column":0},"end":{"line":52,"column":40}},"52":{"start":{"line":53,"column":0},"end":{"line":53,"column":37}},"53":{"start":{"line":54,"column":0},"end":{"line":54,"column":23}},"54":{"start":{"line":55,"column":0},"end":{"line":55,"column":14}},"55":{"start":{"line":56,"column":0},"end":{"line":56,"column":58}},"57":{"start":{"line":58,"column":0},"end":{"line":58,"column":45}},"58":{"start":{"line":59,"column":0},"end":{"line":59,"column":34}},"59":{"start":{"line":60,"column":0},"end":{"line":60,"column":3}},"60":{"start":{"line":61,"column":0},"end":{"line":61,"column":17}},"61":{"start":{"line":62,"column":0},"end":{"line":62,"column":2}}},"s":{"0":1,"2":1,"3":11,"4":11,"5":11,"6":11,"8":11,"9":6,"10":6,"11":6,"12":3,"13":3,"19":1,"20":62,"21":62,"22":62,"23":62,"25":62,"26":12,"27":12,"28":12,"29":34,"30":34,"35":1,"36":26,"37":26,"38":26,"39":26,"40":26,"41":26,"42":26,"43":26,"51":1,"52":102,"53":102,"54":102,"55":102,"57":102,"58":82,"59":82,"60":16,"61":16},"branchMap":{"0":{"type":"branch","line":3,"loc":{"start":{"line":3,"column":34},"end":{"line":14,"column":3}},"locations":[{"start":{"line":3,"column":34},"end":{"line":14,"column":3}}]},"1":{"type":"branch","line":7,"loc":{"start":{"line":7,"column":29},"end":{"line":7,"column":42}},"locations":[{"start":{"line":7,"column":29},"end":{"line":7,"column":42}}]},"2":{"type":"branch","line":7,"loc":{"start":{"line":7,"column":36},"end":{"line":9,"column":29}},"locations":[{"start":{"line":7,"column":36},"end":{"line":9,"column":29}}]},"3":{"type":"branch","line":9,"loc":{"start":{"line":9,"column":29},"end":{"line":12,"column":3}},"locations":[{"start":{"line":9,"column":29},"end":{"line":12,"column":3}}]},"4":{"type":"branch","line":12,"loc":{"start":{"line":12,"column":2},"end":{"line":14,"column":3}},"locations":[{"start":{"line":12,"column":2},"end":{"line":14,"column":3}}]},"5":{"type":"branch","line":20,"loc":{"start":{"line":20,"column":34},"end":{"line":31,"column":2}},"locations":[{"start":{"line":20,"column":34},"end":{"line":31,"column":2}}]},"6":{"type":"branch","line":24,"loc":{"start":{"line":24,"column":18},"end":{"line":24,"column":49}},"locations":[{"start":{"line":24,"column":18},"end":{"line":24,"column":49}}]},"7":{"type":"branch","line":24,"loc":{"start":{"line":24,"column":49},"end":{"line":24,"column":61}},"locations":[{"start":{"line":24,"column":49},"end":{"line":24,"column":61}}]},"8":{"type":"branch","line":24,"loc":{"start":{"line":24,"column":56},"end":{"line":26,"column":29}},"locations":[{"start":{"line":24,"column":56},"end":{"line":26,"column":29}}]},"9":{"type":"branch","line":26,"loc":{"start":{"line":26,"column":29},"end":{"line":31,"column":2}},"locations":[{"start":{"line":26,"column":29},"end":{"line":31,"column":2}}]},"10":{"type":"branch","line":26,"loc":{"start":{"line":26,"column":29},"end":{"line":29,"column":3}},"locations":[{"start":{"line":26,"column":29},"end":{"line":29,"column":3}}]},"11":{"type":"branch","line":29,"loc":{"start":{"line":29,"column":2},"end":{"line":31,"column":2}},"locations":[{"start":{"line":29,"column":2},"end":{"line":31,"column":2}}]},"12":{"type":"branch","line":36,"loc":{"start":{"line":36,"column":39},"end":{"line":44,"column":2}},"locations":[{"start":{"line":36,"column":39},"end":{"line":44,"column":2}}]},"13":{"type":"branch","line":52,"loc":{"start":{"line":52,"column":39},"end":{"line":62,"column":2}},"locations":[{"start":{"line":52,"column":39},"end":{"line":62,"column":2}}]},"14":{"type":"branch","line":56,"loc":{"start":{"line":56,"column":18},"end":{"line":56,"column":49}},"locations":[{"start":{"line":56,"column":18},"end":{"line":56,"column":49}}]},"15":{"type":"branch","line":56,"loc":{"start":{"line":56,"column":49},"end":{"line":56,"column":58}},"locations":[{"start":{"line":56,"column":49},"end":{"line":56,"column":58}}]},"16":{"type":"branch","line":56,"loc":{"start":{"line":56,"column":56},"end":{"line":58,"column":44}},"locations":[{"start":{"line":56,"column":56},"end":{"line":58,"column":44}}]},"17":{"type":"branch","line":58,"loc":{"start":{"line":58,"column":44},"end":{"line":60,"column":3}},"locations":[{"start":{"line":58,"column":44},"end":{"line":60,"column":3}}]},"18":{"type":"branch","line":60,"loc":{"start":{"line":60,"column":2},"end":{"line":62,"column":2}},"locations":[{"start":{"line":60,"column":2},"end":{"line":62,"column":2}}]}},"b":{"0":[11],"1":[2],"2":[9],"3":[6],"4":[3],"5":[62],"6":[52],"7":[16],"8":[46],"9":[36],"10":[12],"11":[34],"12":[26],"13":[102],"14":[100],"15":[4],"16":[98],"17":[82],"18":[16]},"fnMap":{"0":{"name":"convertTemperature","decl":{"start":{"line":3,"column":34},"end":{"line":14,"column":3}},"loc":{"start":{"line":3,"column":34},"end":{"line":14,"column":3}},"line":3},"1":{"name":"displayTemperature","decl":{"start":{"line":20,"column":34},"end":{"line":31,"column":2}},"loc":{"start":{"line":20,"column":34},"end":{"line":31,"column":2}},"line":20},"2":{"name":"displayTemperatureRange","decl":{"start":{"line":36,"column":39},"end":{"line":44,"column":2}},"loc":{"start":{"line":36,"column":39},"end":{"line":44,"column":2}},"line":36},"3":{"name":"convertTemperatureValue","decl":{"start":{"line":52,"column":39},"end":{"line":62,"column":2}},"loc":{"start":{"line":52,"column":39},"end":{"line":62,"column":2}},"line":52}},"f":{"0":11,"1":62,"2":26,"3":102}}
}
